Using pre-set license
Built from '2020.3/staging' branch; Version is '2020.3.25f1 (9b9180224418) revision 10195328'; Using compiler version '192528614'; Build Type 'Release'
OS: 'Windows 11  (10.0.22000) 64bit Core' Language: 'en' Physical Memory: 8058 MB
BatchMode: 1, IsHumanControllingUs: 0, StartBugReporterOnCrash: 0, Is64bit: 1, IsPro: 0

COMMAND LINE ARGUMENTS:
D:\UnityDev\2020.3.25f1\Editor\Unity.exe
-adb2
-batchMode
-noUpm
-name
AssetImportWorker1
-projectPath
E:/FinalYearProj/CS-Final-Project/Gene-Algo
-logFile
Logs/AssetImportWorker1.log
-srvPort
59406
Successfully changed project path to: E:/FinalYearProj/CS-Final-Project/Gene-Algo
E:/FinalYearProj/CS-Final-Project/Gene-Algo
Using Asset Import Pipeline V2.
Refreshing native plugins compatible for Editor in 87.16 ms, found 2 plugins.
Preloading 0 native plugins for Editor in 0.00 ms.
Initialize engine version: 2020.3.25f1 (9b9180224418)
[Subsystems] Discovering subsystems at path D:/UnityDev/2020.3.25f1/Editor/Data/Resources/UnitySubsystems
[Subsystems] Discovering subsystems at path E:/FinalYearProj/CS-Final-Project/Gene-Algo/Assets
GfxDevice: creating device client; threaded=0
Direct3D:
    Version:  Direct3D 11.0 [level 11.0]
    Renderer: NVIDIA GeForce 940MX (ID=0x134d)
    Vendor:   
    VRAM:     2010 MB
    Driver:   30.0.14.7141
Initialize mono
Mono path[0] = 'D:/UnityDev/2020.3.25f1/Editor/Data/Managed'
Mono path[1] = 'D:/UnityDev/2020.3.25f1/Editor/Data/MonoBleedingEdge/lib/mono/unityjit'
Mono config path = 'D:/UnityDev/2020.3.25f1/Editor/Data/MonoBleedingEdge/etc'
Using monoOptions --debugger-agent=transport=dt_socket,embedding=1,server=y,suspend=n,address=127.0.0.1:56348
Begin MonoManager ReloadAssembly
Registering precompiled unity dll's ...
Register platform support module: D:/UnityDev/2020.3.25f1/Editor/Data/PlaybackEngines/WindowsStandaloneSupport/UnityEditor.WindowsStandalone.Extensions.dll
Registered in 0.002144 seconds.
Native extension for WindowsStandalone target not found
Refreshing native plugins compatible for Editor in 67.11 ms, found 2 plugins.
Preloading 0 native plugins for Editor in 0.00 ms.
Mono: successfully reloaded assembly
- Completed reload, in  1.178 seconds
Domain Reload Profiling:
	ReloadAssembly (1178ms)
		BeginReloadAssembly (126ms)
			ExecutionOrderSort (0ms)
			DisableScriptedObjects (0ms)
			BackupInstance (0ms)
			ReleaseScriptingObjects (0ms)
			CreateAndSetChildDomain (1ms)
		EndReloadAssembly (913ms)
			LoadAssemblies (126ms)
			RebuildTransferFunctionScriptingTraits (0ms)
			SetupTypeCache (334ms)
			ReleaseScriptCaches (0ms)
			RebuildScriptCaches (58ms)
			SetupLoadedEditorAssemblies (322ms)
				LogAssemblyErrors (0ms)
				InitializePlatformSupportModulesInManaged (9ms)
				SetLoadedEditorAssemblies (1ms)
				RefreshPlugins (67ms)
				BeforeProcessingInitializeOnLoad (24ms)
				ProcessInitializeOnLoadAttributes (166ms)
				ProcessInitializeOnLoadMethodAttributes (54ms)
				AfterProcessingInitializeOnLoad (0ms)
				EditorAssembliesLoaded (0ms)
			ExecutionOrderSort2 (0ms)
			AwakeInstancesAfterBackupRestoration (0ms)
Platform modules already initialized, skipping
Registering precompiled user dll's ...
Registered in 0.007876 seconds.
Begin MonoManager ReloadAssembly
Native extension for WindowsStandalone target not found
Refreshing native plugins compatible for Editor in 0.60 ms, found 2 plugins.
Preloading 0 native plugins for Editor in 0.00 ms.
Mono: successfully reloaded assembly
- Completed reload, in  8.174 seconds
Domain Reload Profiling:
	ReloadAssembly (8186ms)
		BeginReloadAssembly (312ms)
			ExecutionOrderSort (0ms)
			DisableScriptedObjects (9ms)
			BackupInstance (0ms)
			ReleaseScriptingObjects (0ms)
			CreateAndSetChildDomain (35ms)
		EndReloadAssembly (7757ms)
			LoadAssemblies (3038ms)
			RebuildTransferFunctionScriptingTraits (0ms)
			SetupTypeCache (2110ms)
			ReleaseScriptCaches (1ms)
			RebuildScriptCaches (84ms)
			SetupLoadedEditorAssemblies (2353ms)
				LogAssemblyErrors (0ms)
				InitializePlatformSupportModulesInManaged (9ms)
				SetLoadedEditorAssemblies (1ms)
				RefreshPlugins (1ms)
				BeforeProcessingInitializeOnLoad (159ms)
				ProcessInitializeOnLoadAttributes (729ms)
				ProcessInitializeOnLoadMethodAttributes (1451ms)
				AfterProcessingInitializeOnLoad (4ms)
				EditorAssembliesLoaded (0ms)
			ExecutionOrderSort2 (0ms)
			AwakeInstancesAfterBackupRestoration (13ms)
Platform modules already initialized, skipping
========================================================================
Worker process is ready to serve import requests
Launched and connected shader compiler UnityShaderCompiler.exe after 0.24 seconds
Refreshing native plugins compatible for Editor in 0.63 ms, found 2 plugins.
Preloading 0 native plugins for Editor in 0.00 ms.
Unloading 1515 Unused Serialized files (Serialized files now loaded: 0)
System memory in use before: 83.5 MB.
System memory in use after: 82.9 MB.

Unloading 21 unused Assets to reduce memory usage. Loaded Objects now: 1961.
Total: 5.496100 ms (FindLiveObjects: 0.244500 ms CreateObjectMapping: 0.099800 ms MarkObjects: 4.536700 ms  DeleteObjects: 0.613400 ms)

AssetImportParameters requested are different than current active one (requested -> active):
  custom:framework-win-MediaFoundation: 216162199b28c13a410421893ffa2e32 -> 
  custom:video-decoder-ogg-theora: a1e56fd34408186e4bbccfd4996cb3dc -> 
  custom:container-muxer-webm: aa71ff27fc2769a1b78a27578f13a17b -> 
  custom:container-demuxer-webm: 4f35f7cbe854078d1ac9338744f61a02 -> 
  custom:container-demuxer-ogg: 62fdf1f143b41e24485cea50d1cbac27 -> 
  custom:video-encoder-webm-vp8: eb34c28f22e8b96e1ab97ce403110664 -> 
  custom:video-decoder-webm-vp8: 9c59270c3fd7afecdb556c50c9e8de78 -> 
  custom:audio-decoder-ogg-vorbis: bf7c407c2cedff20999df2af8eb42d56 -> 
  custom:audio-encoder-webm-vorbis: bf7c407c2cedff20999df2af8eb42d56 -> 
========================================================================
Received Import Request.
  path: Assets/Scenes/Genetic Algo.unity
  artifactKey: Guid(55357f48a3e2b4643b0983826b854f64) Importer(815301076,1909f56bfc062723c751e8b465ee728b)
Start importing Assets/Scenes/Genetic Algo.unity using Guid(55357f48a3e2b4643b0983826b854f64) Importer(815301076,1909f56bfc062723c751e8b465ee728b)  -> (artifact id: '2294c8fe46dce47bb48c565374e01527') in 0.032947 seconds 
  Import took 0.037473 seconds .

========================================================================
Received Import Request.
  Time since last request: 265.616617 seconds.
  path: Assets/Snow mountain tracks/terrain.asset
  artifactKey: Guid(d216ab1bb2f42e44bb0c77a040f8eb11) Importer(815301076,1909f56bfc062723c751e8b465ee728b)
Start importing Assets/Snow mountain tracks/terrain.asset using Guid(d216ab1bb2f42e44bb0c77a040f8eb11) Importer(815301076,1909f56bfc062723c751e8b465ee728b) Tree prefab at index 0 is missing.
The tree acacia1_2 couldn't be instanced because the prefab contains no valid mesh renderer.
 -> (artifact id: '2cef75c3a497e2380a264b41d1885ecb') in 0.176142 seconds 
  Import took 0.179526 seconds .

========================================================================
Received Import Request.
  Time since last request: 398.570233 seconds.
  path: Assets/Tree
  artifactKey: Guid(9a54089fdd3f3eb428eddfb6c0600fe5) Importer(815301076,1909f56bfc062723c751e8b465ee728b)
Start importing Assets/Tree using Guid(9a54089fdd3f3eb428eddfb6c0600fe5) Importer(815301076,1909f56bfc062723c751e8b465ee728b)  -> (artifact id: '9e861bdd795ce34516146036b10d47c9') in 0.018164 seconds 
  Import took 0.023203 seconds .

========================================================================
Received Import Request.
  Time since last request: 5.512917 seconds.
  path: Assets/Tree/Tree.fbx
  artifactKey: Guid(7f479cb5fb3ce564b9f56b07465ecdab) Importer(815301076,1909f56bfc062723c751e8b465ee728b)
Start importing Assets/Tree/Tree.fbx using Guid(7f479cb5fb3ce564b9f56b07465ecdab) Importer(815301076,1909f56bfc062723c751e8b465ee728b)  -> (artifact id: '5e0516511c12870a6a4090a3158922b5') in 0.586026 seconds 
  Import took 0.591938 seconds .

========================================================================
Received Import Request.
  Time since last request: 38.278919 seconds.
  path: Assets/Tree/Tree.obj
  artifactKey: Guid(7afeb06eb1ee0254c9fa694f63896105) Importer(815301076,1909f56bfc062723c751e8b465ee728b)
Start importing Assets/Tree/Tree.obj using Guid(7afeb06eb1ee0254c9fa694f63896105) Importer(815301076,1909f56bfc062723c751e8b465ee728b)  -> (artifact id: '9e29d6fb1e36b9736179d9d89c5eb919') in 0.343014 seconds 
  Import took 0.347983 seconds .

========================================================================
Received Import Request.
  Time since last request: 1781.818755 seconds.
  path: Assets/Mountain Terrain/Prefab/acacia1_2.prefab
  artifactKey: Guid(7f3ed28755306714c8c5308e9f757276) Importer(815301076,1909f56bfc062723c751e8b465ee728b)
Start importing Assets/Mountain Terrain/Prefab/acacia1_2.prefab using Guid(7f3ed28755306714c8c5308e9f757276) Importer(815301076,1909f56bfc062723c751e8b465ee728b)  -> (artifact id: 'c6ffd878f035163a8285b6cf870a34ce') in 0.287666 seconds 
  Import took 0.291063 seconds .

========================================================================
Received Import Request.
  Time since last request: 2575.744544 seconds.
  path: Assets/Mountain Terrain/Trees/acacia1_2.obj
  artifactKey: Guid(0240d8417b13dd648a4709b9169abdfe) Importer(815301076,1909f56bfc062723c751e8b465ee728b)
Start importing Assets/Mountain Terrain/Trees/acacia1_2.obj using Guid(0240d8417b13dd648a4709b9169abdfe) Importer(815301076,1909f56bfc062723c751e8b465ee728b)  -> (artifact id: '228d28e884149aaa8d5a90da1cfb0c50') in 0.097041 seconds 
  Import took 0.104214 seconds .

========================================================================
Received Import Request.
  Time since last request: 0.000400 seconds.
  path: Assets/Low Poly Destructible 2Cars no. 8/Cars/16_Classic/Classic_16.FBX
  artifactKey: Guid(000e268602069ee41b503cc210240ef7) Importer(815301076,1909f56bfc062723c751e8b465ee728b)
Start importing Assets/Low Poly Destructible 2Cars no. 8/Cars/16_Classic/Classic_16.FBX using Guid(000e268602069ee41b503cc210240ef7) Importer(815301076,1909f56bfc062723c751e8b465ee728b)  -> (artifact id: 'a9c3e6416cddb0bbd0e0f0264e477cbd') in 1.236589 seconds 
  Import took 1.242120 seconds .

========================================================================
Received Import Request.
  Time since last request: 0.000335 seconds.
  path: Assets/Low Poly Destructible 2Cars no. 8/Cars/16_Classic/Upgrades/Bumper_B/Classic_16_Bumper_B_3.fbx
  artifactKey: Guid(3d8ec13b9b7bbc847958fa09befce925) Importer(815301076,1909f56bfc062723c751e8b465ee728b)
Start importing Assets/Low Poly Destructible 2Cars no. 8/Cars/16_Classic/Upgrades/Bumper_B/Classic_16_Bumper_B_3.fbx using Guid(3d8ec13b9b7bbc847958fa09befce925) Importer(815301076,1909f56bfc062723c751e8b465ee728b)  -> (artifact id: '62261bc0ffc2c3de8b5080891f2c1034') in 0.067217 seconds 
  Import took 0.072055 seconds .

========================================================================
Received Import Request.
  Time since last request: 0.000306 seconds.
  path: Assets/ARCADE - FREE Racing Car/Prefabs/Free_Racing_Car_Carbon.prefab
  artifactKey: Guid(0f7265637d2c58d49a57253b2879a946) Importer(815301076,1909f56bfc062723c751e8b465ee728b)
Start importing Assets/ARCADE - FREE Racing Car/Prefabs/Free_Racing_Car_Carbon.prefab using Guid(0f7265637d2c58d49a57253b2879a946) Importer(815301076,1909f56bfc062723c751e8b465ee728b)  -> (artifact id: '08b094f19935e6c810962a515be3d12c') in 0.655968 seconds 
  Import took 0.661379 seconds .

========================================================================
Received Import Request.
  Time since last request: 0.000488 seconds.
  path: Assets/ARCADE - FREE Racing Car/Prefabs/Free_Racing_Car_Blue.prefab
  artifactKey: Guid(6dfc700a1205ddf49b448178a2b00e98) Importer(815301076,1909f56bfc062723c751e8b465ee728b)
Start importing Assets/ARCADE - FREE Racing Car/Prefabs/Free_Racing_Car_Blue.prefab using Guid(6dfc700a1205ddf49b448178a2b00e98) Importer(815301076,1909f56bfc062723c751e8b465ee728b)  -> (artifact id: '622d54a42f4f35a58ff9324a986a7b8a') in 0.039951 seconds 
  Import took 0.046111 seconds .

========================================================================
Received Import Request.
  Time since last request: 0.000340 seconds.
  path: Assets/ARCADE - FREE Racing Car/Meshes/Free_Racing_Car_Blue.fbx
  artifactKey: Guid(1f768f0d5a5dc9e48941608a2f58f511) Importer(815301076,1909f56bfc062723c751e8b465ee728b)
Start importing Assets/ARCADE - FREE Racing Car/Meshes/Free_Racing_Car_Blue.fbx using Guid(1f768f0d5a5dc9e48941608a2f58f511) Importer(815301076,1909f56bfc062723c751e8b465ee728b)  -> (artifact id: '71c7531e4f2b716c8824f6a8b3245a51') in 0.134337 seconds 
  Import took 0.139131 seconds .

========================================================================
Received Import Request.
  Time since last request: 0.000498 seconds.
  path: Assets/Low Poly Destructible 2Cars no. 8/Cars/16_Classic/Upgrades/Bumper_F/Classic_16_Bumper_F_3.fbx
  artifactKey: Guid(038d698227cbe3541bbad6b1b4dc3d40) Importer(815301076,1909f56bfc062723c751e8b465ee728b)
Start importing Assets/Low Poly Destructible 2Cars no. 8/Cars/16_Classic/Upgrades/Bumper_F/Classic_16_Bumper_F_3.fbx using Guid(038d698227cbe3541bbad6b1b4dc3d40) Importer(815301076,1909f56bfc062723c751e8b465ee728b)  -> (artifact id: '392d45b952398a20f2591478457184b9') in 0.069576 seconds 
  Import took 0.074715 seconds .

========================================================================
Received Import Request.
  Time since last request: 0.000340 seconds.
  path: Assets/ARCADE - FREE Racing Car/Prefabs With Colliders/Free_Racing_Car_Blue.prefab
  artifactKey: Guid(a3dc0b97fa55a4943b2e6b5fc23df8dc) Importer(815301076,1909f56bfc062723c751e8b465ee728b)
Start importing Assets/ARCADE - FREE Racing Car/Prefabs With Colliders/Free_Racing_Car_Blue.prefab using Guid(a3dc0b97fa55a4943b2e6b5fc23df8dc) Importer(815301076,1909f56bfc062723c751e8b465ee728b)  -> (artifact id: 'c519c0bc961ab1cf9f5392971a082299') in 0.032677 seconds 
  Import took 0.038892 seconds .

========================================================================
Received Import Request.
  Time since last request: 0.000330 seconds.
  path: Assets/ARCADE - FREE Racing Car/Meshes/Free_Racing_Car_Carbon.fbx
  artifactKey: Guid(09f57a5ba9f33584a8118fed10afd1a0) Importer(815301076,1909f56bfc062723c751e8b465ee728b)
Start importing Assets/ARCADE - FREE Racing Car/Meshes/Free_Racing_Car_Carbon.fbx using Guid(09f57a5ba9f33584a8118fed10afd1a0) Importer(815301076,1909f56bfc062723c751e8b465ee728b)  -> (artifact id: 'c13a52dc3bb9f7d5206f005a5a69c359') in 0.119809 seconds 
  Import took 0.126836 seconds .

========================================================================
Received Import Request.
  Time since last request: 0.567840 seconds.
  path: Assets/ARCADE - FREE Racing Car/Prefabs With Colliders/Free_Racing_Car_Carbon.prefab
  artifactKey: Guid(977989d2fe6005f45b5e95322f725b60) Importer(815301076,1909f56bfc062723c751e8b465ee728b)
Start importing Assets/ARCADE - FREE Racing Car/Prefabs With Colliders/Free_Racing_Car_Carbon.prefab using Guid(977989d2fe6005f45b5e95322f725b60) Importer(815301076,1909f56bfc062723c751e8b465ee728b)  -> (artifact id: '1938b6ec81c7abf5275cb0da81a7ee5a') in 0.039305 seconds 
  Import took 0.044108 seconds .

========================================================================
Received Import Request.
  Time since last request: 0.000325 seconds.
  path: Assets/ARCADE - FREE Racing Car/Meshes/Free_Racing_Car_Gray.fbx
  artifactKey: Guid(f2845fe9efc6c254eb94d232be76ea51) Importer(815301076,1909f56bfc062723c751e8b465ee728b)
Start importing Assets/ARCADE - FREE Racing Car/Meshes/Free_Racing_Car_Gray.fbx using Guid(f2845fe9efc6c254eb94d232be76ea51) Importer(815301076,1909f56bfc062723c751e8b465ee728b)  -> (artifact id: '2fe21e441eaf013b42e7a2e4ee1947aa') in 0.137426 seconds 
  Import took 0.143139 seconds .

========================================================================
Received Import Request.
  Time since last request: 0.000367 seconds.
  path: Assets/ARCADE - FREE Racing Car/Prefabs With Colliders/Free_Racing_Car_Gray.prefab
  artifactKey: Guid(916f361cf05b3c94493197a87a8aca11) Importer(815301076,1909f56bfc062723c751e8b465ee728b)
Start importing Assets/ARCADE - FREE Racing Car/Prefabs With Colliders/Free_Racing_Car_Gray.prefab using Guid(916f361cf05b3c94493197a87a8aca11) Importer(815301076,1909f56bfc062723c751e8b465ee728b)  -> (artifact id: '16bbc440a6bb5967aa90ef85a3a4a9e8') in 0.039347 seconds 
  Import took 0.045692 seconds .

========================================================================
Received Import Request.
  Time since last request: 0.000299 seconds.
  path: Assets/ARCADE - FREE Racing Car/Prefabs With Colliders/Free_Racing_Car_Red.prefab
  artifactKey: Guid(ba30d79575a9eff418d68635e8bd06d7) Importer(815301076,1909f56bfc062723c751e8b465ee728b)
Start importing Assets/ARCADE - FREE Racing Car/Prefabs With Colliders/Free_Racing_Car_Red.prefab using Guid(ba30d79575a9eff418d68635e8bd06d7) Importer(815301076,1909f56bfc062723c751e8b465ee728b)  -> (artifact id: '62d9850533ec27a181878f47a1b4dae1') in 0.056104 seconds 
  Import took 0.061475 seconds .

========================================================================
Received Import Request.
  Time since last request: 0.000354 seconds.
  path: Assets/ARCADE - FREE Racing Car/Prefabs/Free_Racing_Car_Gray.prefab
  artifactKey: Guid(f8c4c684ae669b44b92b76f083b3d84d) Importer(815301076,1909f56bfc062723c751e8b465ee728b)
Start importing Assets/ARCADE - FREE Racing Car/Prefabs/Free_Racing_Car_Gray.prefab using Guid(f8c4c684ae669b44b92b76f083b3d84d) Importer(815301076,1909f56bfc062723c751e8b465ee728b)  -> (artifact id: '43e34290b42577fe98fa080aeb65a87a') in 0.039172 seconds 
  Import took 0.045345 seconds .

========================================================================
Received Import Request.
  Time since last request: 0.000361 seconds.
  path: Assets/ARCADE - FREE Racing Car/Prefabs/Free_Racing_Car_Red.prefab
  artifactKey: Guid(b471b549ed0cf0b42b15b41a16e07b88) Importer(815301076,1909f56bfc062723c751e8b465ee728b)
Start importing Assets/ARCADE - FREE Racing Car/Prefabs/Free_Racing_Car_Red.prefab using Guid(b471b549ed0cf0b42b15b41a16e07b88) Importer(815301076,1909f56bfc062723c751e8b465ee728b)  -> (artifact id: 'e0a7377668764817e6f5e2851b8c07b2') in 0.036125 seconds 
  Import took 0.041253 seconds .

========================================================================
Received Import Request.
  Time since last request: 0.398999 seconds.
  path: Assets/ARCADE - FREE Racing Car/Meshes/Free_Racing_Car_Red.fbx
  artifactKey: Guid(89f34d6067f7736469b3740d4612eaf6) Importer(815301076,1909f56bfc062723c751e8b465ee728b)
Start importing Assets/ARCADE - FREE Racing Car/Meshes/Free_Racing_Car_Red.fbx using Guid(89f34d6067f7736469b3740d4612eaf6) Importer(815301076,1909f56bfc062723c751e8b465ee728b)  -> (artifact id: '14c8d145106fc443890a479b9b556f83') in 0.096881 seconds 
  Import took 0.101678 seconds .

========================================================================
Received Import Request.
  Time since last request: 0.000358 seconds.
  path: Assets/ARCADE - FREE Racing Car/Prefabs/Free_Racing_Car_Yellow.prefab
  artifactKey: Guid(400ae1c92d3d7164c98601f4394b0931) Importer(815301076,1909f56bfc062723c751e8b465ee728b)
Start importing Assets/ARCADE - FREE Racing Car/Prefabs/Free_Racing_Car_Yellow.prefab using Guid(400ae1c92d3d7164c98601f4394b0931) Importer(815301076,1909f56bfc062723c751e8b465ee728b)  -> (artifact id: '62746af97209cd18222678b25b13f32e') in 0.050507 seconds 
  Import took 0.057456 seconds .

========================================================================
Received Import Request.
  Time since last request: 0.000339 seconds.
  path: Assets/Resources/HatchBack.prefab
  artifactKey: Guid(0e02bd72901a84e5f97e8ece7a533b2f) Importer(815301076,1909f56bfc062723c751e8b465ee728b)
Start importing Assets/Resources/HatchBack.prefab using Guid(0e02bd72901a84e5f97e8ece7a533b2f) Importer(815301076,1909f56bfc062723c751e8b465ee728b)  -> (artifact id: '659d6df110071207ff5b9c755bd61ed6') in 0.153500 seconds 
  Import took 0.159273 seconds .

========================================================================
Received Import Request.
  Time since last request: 0.000350 seconds.
  path: Assets/ARCADE - FREE Racing Car/Prefabs With Colliders/Free_Racing_Car_Yellow.prefab
  artifactKey: Guid(e40225560c743554a9857b07e4b535db) Importer(815301076,1909f56bfc062723c751e8b465ee728b)
Start importing Assets/ARCADE - FREE Racing Car/Prefabs With Colliders/Free_Racing_Car_Yellow.prefab using Guid(e40225560c743554a9857b07e4b535db) Importer(815301076,1909f56bfc062723c751e8b465ee728b)  -> (artifact id: 'f8a22fc511d0dfe5acf47169bbe1666a') in 0.035002 seconds 
  Import took 0.040741 seconds .

========================================================================
Received Import Request.
  Time since last request: 0.000362 seconds.
  path: Assets/ARCADE - FREE Racing Car/Meshes/Free_Racing_Car_Yellow.fbx
  artifactKey: Guid(30aed299437d3c64aaf1214d48491023) Importer(815301076,1909f56bfc062723c751e8b465ee728b)
Start importing Assets/ARCADE - FREE Racing Car/Meshes/Free_Racing_Car_Yellow.fbx using Guid(30aed299437d3c64aaf1214d48491023) Importer(815301076,1909f56bfc062723c751e8b465ee728b)  -> (artifact id: '25df288f47222fa17348c503e3cab233') in 0.129907 seconds 
  Import took 0.134989 seconds .

========================================================================
Received Import Request.
  Time since last request: 0.000317 seconds.
  path: Assets/Prefabs/GA-Dashboard.prefab
  artifactKey: Guid(40cb8733862f5098b94dc664c5ddc40a) Importer(815301076,1909f56bfc062723c751e8b465ee728b)
Start importing Assets/Prefabs/GA-Dashboard.prefab using Guid(40cb8733862f5098b94dc664c5ddc40a) Importer(815301076,1909f56bfc062723c751e8b465ee728b)  -> (artifact id: 'b291088e77badb96e0e940be8aec8e6f') in 0.047547 seconds 
  Import took 0.053350 seconds .

========================================================================
Received Import Request.
  Time since last request: 0.163934 seconds.
  path: Assets/Trees_WorldSpace_FREE/Prefabs/SRP/MainTree.prefab
  artifactKey: Guid(d8067ecd7d4315c4aada5608b42ed73b) Importer(815301076,1909f56bfc062723c751e8b465ee728b)
Start importing Assets/Trees_WorldSpace_FREE/Prefabs/SRP/MainTree.prefab using Guid(d8067ecd7d4315c4aada5608b42ed73b) Importer(815301076,1909f56bfc062723c751e8b465ee728b)  -> (artifact id: '1338c3d37c6ce7f299ee9db048b78a95') in 1.522417 seconds 
  Import took 1.527480 seconds .

========================================================================
Received Import Request.
  Time since last request: 0.000391 seconds.
  path: Assets/Trees_WorldSpace_FREE/Prefabs/SRP/MainTreeA_SRP.prefab
  artifactKey: Guid(3dd1c1bfa60aa34478052278898bb40a) Importer(815301076,1909f56bfc062723c751e8b465ee728b)
Start importing Assets/Trees_WorldSpace_FREE/Prefabs/SRP/MainTreeA_SRP.prefab using Guid(3dd1c1bfa60aa34478052278898bb40a) Importer(815301076,1909f56bfc062723c751e8b465ee728b)  -> (artifact id: '493de14d081362aa1f9ca53252635259') in 0.061548 seconds 
  Import took 0.066273 seconds .

========================================================================
Received Import Request.
  Time since last request: 0.000353 seconds.
  path: Assets/Trees_WorldSpace_FREE/Meshes/MainTree.FBX
  artifactKey: Guid(db23667b10d69ce478b6313b3f4df245) Importer(815301076,1909f56bfc062723c751e8b465ee728b)
Start importing Assets/Trees_WorldSpace_FREE/Meshes/MainTree.FBX using Guid(db23667b10d69ce478b6313b3f4df245) Importer(815301076,1909f56bfc062723c751e8b465ee728b)  -> (artifact id: '8c74eabe7fb687433db55fca5bd7a7c2') in 0.039447 seconds 
  Import took 0.044487 seconds .

========================================================================
Received Import Request.
  Time since last request: 0.000482 seconds.
  path: Assets/Mountain Terrain/Prefab/Stone_03_low.prefab
  artifactKey: Guid(2faa4fc3b7b1fc84c8b1b2f1af42617e) Importer(815301076,1909f56bfc062723c751e8b465ee728b)
Start importing Assets/Mountain Terrain/Prefab/Stone_03_low.prefab using Guid(2faa4fc3b7b1fc84c8b1b2f1af42617e) Importer(815301076,1909f56bfc062723c751e8b465ee728b)  -> (artifact id: 'ac4a24419c608da6efb9191291fe2ec7') in 0.158261 seconds 
  Import took 0.165388 seconds .

========================================================================
Received Import Request.
  Time since last request: 0.000367 seconds.
  path: Assets/Trees_WorldSpace_FREE/Prefabs/HDRP/MainTreeB.prefab
  artifactKey: Guid(289c1cfb4a683df4f8e00f4884b82faa) Importer(815301076,1909f56bfc062723c751e8b465ee728b)
Start importing Assets/Trees_WorldSpace_FREE/Prefabs/HDRP/MainTreeB.prefab using Guid(289c1cfb4a683df4f8e00f4884b82faa) Importer(815301076,1909f56bfc062723c751e8b465ee728b) Shader error in 'WorldSpaceTrees/HDRP_BarkSwitch': Couldn't open include file 'Packages/com.unity.render-pipelines.core/ShaderLibrary/Common.hlsl'. at line 773

Compiling Vertex program with INSTANCING_ON
Platform defines: SHADER_API_DESKTOP UNITY_COLORSPACE_GAMMA UNITY_ENABLE_DETAIL_NORMALMAP UNITY_ENABLE_REFLECTION_BUFFERS UNITY_LIGHTMAP_FULL_HDR UNITY_LIGHT_PROBE_PROXY_VOLUME UNITY_PASS_SHADOWCASTER UNITY_PBS_USE_BRDF1 UNITY_SPECCUBE_BLENDING UNITY_SPECCUBE_BOX_PROJECTION UNITY_USE_DITHER_MASK_FOR_ALPHABLENDED_SHADOWS
Disabled keywords: LOD_FADE_CROSSFADE SHADER_API_GLES30 UNITY_ASTC_NORMALMAP_ENCODING UNITY_ENABLE_NATIVE_SHADOW_LOOKUPS UNITY_HALF_PRECISION_FRAGMENT_SHADER_REGISTERS UNITY_HARDWARE_TIER1 UNITY_HARDWARE_TIER2 UNITY_HARDWARE_TIER3 UNITY_LIGHTMAP_DLDR_ENCODING UNITY_LIGHTMAP_RGBM_ENCODING UNITY_METAL_SHADOWS_USE_POINT_FILTERING UNITY_NO_DXT5nm UNITY_NO_FULL_STANDARD_SHADER UNITY_NO_SCREENSPACE_SHADOWS UNITY_PBS_USE_BRDF2 UNITY_PBS_USE_BRDF3 UNITY_PRETRANSFORM_TO_DISPLAY_ORIENTATION UNITY_VIRTUAL_TEXTURING
Shader error in 'WorldSpaceTrees/HDRP_BarkSwitch': Couldn't open include file 'Packages/com.unity.render-pipelines.core/ShaderLibrary/Common.hlsl'. at line 773

Compiling Vertex program with INSTANCING_ON
Platform defines: SHADER_API_DESKTOP UNITY_COLORSPACE_GAMMA UNITY_ENABLE_DETAIL_NORMALMAP UNITY_ENABLE_REFLECTION_BUFFERS UNITY_LIGHTMAP_FULL_HDR UNITY_LIGHT_PROBE_PROXY_VOLUME UNITY_PASS_SHADOWCASTER UNITY_PBS_USE_BRDF1 UNITY_SPECCUBE_BLENDING UNITY_SPECCUBE_BOX_PROJECTION UNITY_USE_DITHER_MASK_FOR_ALPHABLENDED_SHADOWS
Disabled keywords: LOD_FADE_CROSSFADE SHADER_API_GLES30 UNITY_ASTC_NORMALMAP_ENCODING UNITY_ENABLE_NATIVE_SHADOW_LOOKUPS UNITY_HALF_PRECISION_FRAGMENT_SHADER_REGISTERS UNITY_HARDWARE_TIER1 UNITY_HARDWARE_TIER2 UNITY_HARDWARE_TIER3 UNITY_LIGHTMAP_DLDR_ENCODING UNITY_LIGHTMAP_RGBM_ENCODING UNITY_METAL_SHADOWS_USE_POINT_FILTERING UNITY_NO_DXT5nm UNITY_NO_FULL_STANDARD_SHADER UNITY_NO_SCREENSPACE_SHADOWS UNITY_PBS_USE_BRDF2 UNITY_PBS_USE_BRDF3 UNITY_PRETRANSFORM_TO_DISPLAY_ORIENTATION UNITY_VIRTUAL_TEXTURING
Shader error in 'WorldSpaceTrees/HDRP_TreeLeafSwitcher': Couldn't open include file 'Packages/com.unity.render-pipelines.core/ShaderLibrary/Common.hlsl'. at line 1648

Compiling Vertex program with INSTANCING_ON
Platform defines: SHADER_API_DESKTOP UNITY_COLORSPACE_GAMMA UNITY_ENABLE_DETAIL_NORMALMAP UNITY_ENABLE_REFLECTION_BUFFERS UNITY_LIGHTMAP_FULL_HDR UNITY_LIGHT_PROBE_PROXY_VOLUME UNITY_PASS_SHADOWCASTER UNITY_PBS_USE_BRDF1 UNITY_SPECCUBE_BLENDING UNITY_SPECCUBE_BOX_PROJECTION UNITY_USE_DITHER_MASK_FOR_ALPHABLENDED_SHADOWS
Disabled keywords: SHADER_API_GLES30 UNITY_ASTC_NORMALMAP_ENCODING UNITY_ENABLE_NATIVE_SHADOW_LOOKUPS UNITY_HALF_PRECISION_FRAGMENT_SHADER_REGISTERS UNITY_HARDWARE_TIER1 UNITY_HARDWARE_TIER2 UNITY_HARDWARE_TIER3 UNITY_LIGHTMAP_DLDR_ENCODING UNITY_LIGHTMAP_RGBM_ENCODING UNITY_METAL_SHADOWS_USE_POINT_FILTERING UNITY_NO_DXT5nm UNITY_NO_FULL_STANDARD_SHADER UNITY_NO_SCREENSPACE_SHADOWS UNITY_PBS_USE_BRDF2 UNITY_PBS_USE_BRDF3 UNITY_PRETRANSFORM_TO_DISPLAY_ORIENTATION UNITY_VIRTUAL_TEXTURING _ALPHATEST_ON _BLENDMODE_ADD _BLENDMODE_ALPHA _BLENDMODE_PRE_MULTIPLY _DOUBLESIDED_ON _ENABLE_FOG_ON_TRANSPARENT _SURFACE_TYPE_TRANSPARENT
Shader error in 'WorldSpaceTrees/HDRP_TreeLeafSwitcher': Couldn't open include file 'Packages/com.unity.render-pipelines.core/ShaderLibrary/Common.hlsl'. at line 1648

Compiling Vertex program with INSTANCING_ON
Platform defines: SHADER_API_DESKTOP UNITY_COLORSPACE_GAMMA UNITY_ENABLE_DETAIL_NORMALMAP UNITY_ENABLE_REFLECTION_BUFFERS UNITY_LIGHTMAP_FULL_HDR UNITY_LIGHT_PROBE_PROXY_VOLUME UNITY_PASS_SHADOWCASTER UNITY_PBS_USE_BRDF1 UNITY_SPECCUBE_BLENDING UNITY_SPECCUBE_BOX_PROJECTION UNITY_USE_DITHER_MASK_FOR_ALPHABLENDED_SHADOWS
Disabled keywords: SHADER_API_GLES30 UNITY_ASTC_NORMALMAP_ENCODING UNITY_ENABLE_NATIVE_SHADOW_LOOKUPS UNITY_HALF_PRECISION_FRAGMENT_SHADER_REGISTERS UNITY_HARDWARE_TIER1 UNITY_HARDWARE_TIER2 UNITY_HARDWARE_TIER3 UNITY_LIGHTMAP_DLDR_ENCODING UNITY_LIGHTMAP_RGBM_ENCODING UNITY_METAL_SHADOWS_USE_POINT_FILTERING UNITY_NO_DXT5nm UNITY_NO_FULL_STANDARD_SHADER UNITY_NO_SCREENSPACE_SHADOWS UNITY_PBS_USE_BRDF2 UNITY_PBS_USE_BRDF3 UNITY_PRETRANSFORM_TO_DISPLAY_ORIENTATION UNITY_VIRTUAL_TEXTURING _ALPHATEST_ON _BLENDMODE_ADD _BLENDMODE_ALPHA _BLENDMODE_PRE_MULTIPLY _DOUBLESIDED_ON _ENABLE_FOG_ON_TRANSPARENT _SURFACE_TYPE_TRANSPARENT
 -> (artifact id: 'ad1b50a63b92155dca911130ae159ab1') in 0.240066 seconds 
  Import took 0.247236 seconds .

========================================================================
Received Import Request.
  Time since last request: 0.000431 seconds.
  path: Assets/Trees_WorldSpace_FREE/Prefabs/SRP/MainTreeB_SRP.prefab
  artifactKey: Guid(81ed4e584e6c4894596fd0ac2c996d98) Importer(815301076,1909f56bfc062723c751e8b465ee728b)
Start importing Assets/Trees_WorldSpace_FREE/Prefabs/SRP/MainTreeB_SRP.prefab using Guid(81ed4e584e6c4894596fd0ac2c996d98) Importer(815301076,1909f56bfc062723c751e8b465ee728b)  -> (artifact id: '91c8749d871a784998edabae0de8a2ec') in 0.094176 seconds 
  Import took 0.100488 seconds .

========================================================================
Received Import Request.
  Time since last request: 0.000521 seconds.
  path: Assets/Trees_WorldSpace_FREE/Prefabs/HDRP/MainTreeC_Test.prefab
  artifactKey: Guid(0c5f566d821df824ba835f9dddf40bab) Importer(815301076,1909f56bfc062723c751e8b465ee728b)
Start importing Assets/Trees_WorldSpace_FREE/Prefabs/HDRP/MainTreeC_Test.prefab using Guid(0c5f566d821df824ba835f9dddf40bab) Importer(815301076,1909f56bfc062723c751e8b465ee728b) Shader error in 'WorldSpaceTrees/HDRP_BarkSwitch': Couldn't open include file 'Packages/com.unity.render-pipelines.core/ShaderLibrary/Common.hlsl'. at line 773

Compiling Vertex program with INSTANCING_ON
Platform defines: SHADER_API_DESKTOP UNITY_COLORSPACE_GAMMA UNITY_ENABLE_DETAIL_NORMALMAP UNITY_ENABLE_REFLECTION_BUFFERS UNITY_LIGHTMAP_FULL_HDR UNITY_LIGHT_PROBE_PROXY_VOLUME UNITY_PASS_SHADOWCASTER UNITY_PBS_USE_BRDF1 UNITY_SPECCUBE_BLENDING UNITY_SPECCUBE_BOX_PROJECTION UNITY_USE_DITHER_MASK_FOR_ALPHABLENDED_SHADOWS
Disabled keywords: LOD_FADE_CROSSFADE SHADER_API_GLES30 UNITY_ASTC_NORMALMAP_ENCODING UNITY_ENABLE_NATIVE_SHADOW_LOOKUPS UNITY_HALF_PRECISION_FRAGMENT_SHADER_REGISTERS UNITY_HARDWARE_TIER1 UNITY_HARDWARE_TIER2 UNITY_HARDWARE_TIER3 UNITY_LIGHTMAP_DLDR_ENCODING UNITY_LIGHTMAP_RGBM_ENCODING UNITY_METAL_SHADOWS_USE_POINT_FILTERING UNITY_NO_DXT5nm UNITY_NO_FULL_STANDARD_SHADER UNITY_NO_SCREENSPACE_SHADOWS UNITY_PBS_USE_BRDF2 UNITY_PBS_USE_BRDF3 UNITY_PRETRANSFORM_TO_DISPLAY_ORIENTATION UNITY_VIRTUAL_TEXTURING
Shader error in 'WorldSpaceTrees/HDRP_BarkSwitch': Couldn't open include file 'Packages/com.unity.render-pipelines.core/ShaderLibrary/Common.hlsl'. at line 773

Compiling Vertex program with INSTANCING_ON
Platform defines: SHADER_API_DESKTOP UNITY_COLORSPACE_GAMMA UNITY_ENABLE_DETAIL_NORMALMAP UNITY_ENABLE_REFLECTION_BUFFERS UNITY_LIGHTMAP_FULL_HDR UNITY_LIGHT_PROBE_PROXY_VOLUME UNITY_PASS_SHADOWCASTER UNITY_PBS_USE_BRDF1 UNITY_SPECCUBE_BLENDING UNITY_SPECCUBE_BOX_PROJECTION UNITY_USE_DITHER_MASK_FOR_ALPHABLENDED_SHADOWS
Disabled keywords: LOD_FADE_CROSSFADE SHADER_API_GLES30 UNITY_ASTC_NORMALMAP_ENCODING UNITY_ENABLE_NATIVE_SHADOW_LOOKUPS UNITY_HALF_PRECISION_FRAGMENT_SHADER_REGISTERS UNITY_HARDWARE_TIER1 UNITY_HARDWARE_TIER2 UNITY_HARDWARE_TIER3 UNITY_LIGHTMAP_DLDR_ENCODING UNITY_LIGHTMAP_RGBM_ENCODING UNITY_METAL_SHADOWS_USE_POINT_FILTERING UNITY_NO_DXT5nm UNITY_NO_FULL_STANDARD_SHADER UNITY_NO_SCREENSPACE_SHADOWS UNITY_PBS_USE_BRDF2 UNITY_PBS_USE_BRDF3 UNITY_PRETRANSFORM_TO_DISPLAY_ORIENTATION UNITY_VIRTUAL_TEXTURING
Shader error in 'WorldSpaceTrees/HDRP_TreeLeafSwitcher': Couldn't open include file 'Packages/com.unity.render-pipelines.core/ShaderLibrary/Common.hlsl'. at line 1648

Compiling Vertex program with INSTANCING_ON
Platform defines: SHADER_API_DESKTOP UNITY_COLORSPACE_GAMMA UNITY_ENABLE_DETAIL_NORMALMAP UNITY_ENABLE_REFLECTION_BUFFERS UNITY_LIGHTMAP_FULL_HDR UNITY_LIGHT_PROBE_PROXY_VOLUME UNITY_PASS_SHADOWCASTER UNITY_PBS_USE_BRDF1 UNITY_SPECCUBE_BLENDING UNITY_SPECCUBE_BOX_PROJECTION UNITY_USE_DITHER_MASK_FOR_ALPHABLENDED_SHADOWS
Disabled keywords: SHADER_API_GLES30 UNITY_ASTC_NORMALMAP_ENCODING UNITY_ENABLE_NATIVE_SHADOW_LOOKUPS UNITY_HALF_PRECISION_FRAGMENT_SHADER_REGISTERS UNITY_HARDWARE_TIER1 UNITY_HARDWARE_TIER2 UNITY_HARDWARE_TIER3 UNITY_LIGHTMAP_DLDR_ENCODING UNITY_LIGHTMAP_RGBM_ENCODING UNITY_METAL_SHADOWS_USE_POINT_FILTERING UNITY_NO_DXT5nm UNITY_NO_FULL_STANDARD_SHADER UNITY_NO_SCREENSPACE_SHADOWS UNITY_PBS_USE_BRDF2 UNITY_PBS_USE_BRDF3 UNITY_PRETRANSFORM_TO_DISPLAY_ORIENTATION UNITY_VIRTUAL_TEXTURING _ALPHATEST_ON _BLENDMODE_ADD _BLENDMODE_ALPHA _BLENDMODE_PRE_MULTIPLY _DOUBLESIDED_ON _ENABLE_FOG_ON_TRANSPARENT _SURFACE_TYPE_TRANSPARENT
Shader error in 'WorldSpaceTrees/HDRP_TreeLeafSwitcher': Couldn't open include file 'Packages/com.unity.render-pipelines.core/ShaderLibrary/Common.hlsl'. at line 1648

Compiling Vertex program with INSTANCING_ON
Platform defines: SHADER_API_DESKTOP UNITY_COLORSPACE_GAMMA UNITY_ENABLE_DETAIL_NORMALMAP UNITY_ENABLE_REFLECTION_BUFFERS UNITY_LIGHTMAP_FULL_HDR UNITY_LIGHT_PROBE_PROXY_VOLUME UNITY_PASS_SHADOWCASTER UNITY_PBS_USE_BRDF1 UNITY_SPECCUBE_BLENDING UNITY_SPECCUBE_BOX_PROJECTION UNITY_USE_DITHER_MASK_FOR_ALPHABLENDED_SHADOWS
Disabled keywords: SHADER_API_GLES30 UNITY_ASTC_NORMALMAP_ENCODING UNITY_ENABLE_NATIVE_SHADOW_LOOKUPS UNITY_HALF_PRECISION_FRAGMENT_SHADER_REGISTERS UNITY_HARDWARE_TIER1 UNITY_HARDWARE_TIER2 UNITY_HARDWARE_TIER3 UNITY_LIGHTMAP_DLDR_ENCODING UNITY_LIGHTMAP_RGBM_ENCODING UNITY_METAL_SHADOWS_USE_POINT_FILTERING UNITY_NO_DXT5nm UNITY_NO_FULL_STANDARD_SHADER UNITY_NO_SCREENSPACE_SHADOWS UNITY_PBS_USE_BRDF2 UNITY_PBS_USE_BRDF3 UNITY_PRETRANSFORM_TO_DISPLAY_ORIENTATION UNITY_VIRTUAL_TEXTURING _ALPHATEST_ON _BLENDMODE_ADD _BLENDMODE_ALPHA _BLENDMODE_PRE_MULTIPLY _DOUBLESIDED_ON _ENABLE_FOG_ON_TRANSPARENT _SURFACE_TYPE_TRANSPARENT
 -> (artifact id: 'b3495e2c294755e61e58ab5eb716a4d7') in 0.132190 seconds 
  Import took 0.138589 seconds .

========================================================================
Received Import Request.
  Time since last request: 0.000313 seconds.
  path: Assets/Trees_WorldSpace_FREE/Prefabs/HDRP/MainTreeA.prefab
  artifactKey: Guid(0cf5b7d40deaade44a6ba4686f06ac69) Importer(815301076,1909f56bfc062723c751e8b465ee728b)
Start importing Assets/Trees_WorldSpace_FREE/Prefabs/HDRP/MainTreeA.prefab using Guid(0cf5b7d40deaade44a6ba4686f06ac69) Importer(815301076,1909f56bfc062723c751e8b465ee728b) Shader error in 'WorldSpaceTrees/HDRP_BarkSwitch': Couldn't open include file 'Packages/com.unity.render-pipelines.core/ShaderLibrary/Common.hlsl'. at line 773

Compiling Vertex program with INSTANCING_ON
Platform defines: SHADER_API_DESKTOP UNITY_COLORSPACE_GAMMA UNITY_ENABLE_DETAIL_NORMALMAP UNITY_ENABLE_REFLECTION_BUFFERS UNITY_LIGHTMAP_FULL_HDR UNITY_LIGHT_PROBE_PROXY_VOLUME UNITY_PASS_SHADOWCASTER UNITY_PBS_USE_BRDF1 UNITY_SPECCUBE_BLENDING UNITY_SPECCUBE_BOX_PROJECTION UNITY_USE_DITHER_MASK_FOR_ALPHABLENDED_SHADOWS
Disabled keywords: LOD_FADE_CROSSFADE SHADER_API_GLES30 UNITY_ASTC_NORMALMAP_ENCODING UNITY_ENABLE_NATIVE_SHADOW_LOOKUPS UNITY_HALF_PRECISION_FRAGMENT_SHADER_REGISTERS UNITY_HARDWARE_TIER1 UNITY_HARDWARE_TIER2 UNITY_HARDWARE_TIER3 UNITY_LIGHTMAP_DLDR_ENCODING UNITY_LIGHTMAP_RGBM_ENCODING UNITY_METAL_SHADOWS_USE_POINT_FILTERING UNITY_NO_DXT5nm UNITY_NO_FULL_STANDARD_SHADER UNITY_NO_SCREENSPACE_SHADOWS UNITY_PBS_USE_BRDF2 UNITY_PBS_USE_BRDF3 UNITY_PRETRANSFORM_TO_DISPLAY_ORIENTATION UNITY_VIRTUAL_TEXTURING
Shader error in 'WorldSpaceTrees/HDRP_BarkSwitch': Couldn't open include file 'Packages/com.unity.render-pipelines.core/ShaderLibrary/Common.hlsl'. at line 773

Compiling Vertex program with INSTANCING_ON
Platform defines: SHADER_API_DESKTOP UNITY_COLORSPACE_GAMMA UNITY_ENABLE_DETAIL_NORMALMAP UNITY_ENABLE_REFLECTION_BUFFERS UNITY_LIGHTMAP_FULL_HDR UNITY_LIGHT_PROBE_PROXY_VOLUME UNITY_PASS_SHADOWCASTER UNITY_PBS_USE_BRDF1 UNITY_SPECCUBE_BLENDING UNITY_SPECCUBE_BOX_PROJECTION UNITY_USE_DITHER_MASK_FOR_ALPHABLENDED_SHADOWS
Disabled keywords: LOD_FADE_CROSSFADE SHADER_API_GLES30 UNITY_ASTC_NORMALMAP_ENCODING UNITY_ENABLE_NATIVE_SHADOW_LOOKUPS UNITY_HALF_PRECISION_FRAGMENT_SHADER_REGISTERS UNITY_HARDWARE_TIER1 UNITY_HARDWARE_TIER2 UNITY_HARDWARE_TIER3 UNITY_LIGHTMAP_DLDR_ENCODING UNITY_LIGHTMAP_RGBM_ENCODING UNITY_METAL_SHADOWS_USE_POINT_FILTERING UNITY_NO_DXT5nm UNITY_NO_FULL_STANDARD_SHADER UNITY_NO_SCREENSPACE_SHADOWS UNITY_PBS_USE_BRDF2 UNITY_PBS_USE_BRDF3 UNITY_PRETRANSFORM_TO_DISPLAY_ORIENTATION UNITY_VIRTUAL_TEXTURING
Shader error in 'WorldSpaceTrees/HDRP_TreeLeafSwitcher': Couldn't open include file 'Packages/com.unity.render-pipelines.core/ShaderLibrary/Common.hlsl'. at line 1648

Compiling Vertex program with INSTANCING_ON _ALPHATEST_ON
Platform defines: SHADER_API_DESKTOP UNITY_COLORSPACE_GAMMA UNITY_ENABLE_DETAIL_NORMALMAP UNITY_ENABLE_REFLECTION_BUFFERS UNITY_LIGHTMAP_FULL_HDR UNITY_LIGHT_PROBE_PROXY_VOLUME UNITY_PASS_SHADOWCASTER UNITY_PBS_USE_BRDF1 UNITY_SPECCUBE_BLENDING UNITY_SPECCUBE_BOX_PROJECTION UNITY_USE_DITHER_MASK_FOR_ALPHABLENDED_SHADOWS
Disabled keywords: SHADER_API_GLES30 UNITY_ASTC_NORMALMAP_ENCODING UNITY_ENABLE_NATIVE_SHADOW_LOOKUPS UNITY_HALF_PRECISION_FRAGMENT_SHADER_REGISTERS UNITY_HARDWARE_TIER1 UNITY_HARDWARE_TIER2 UNITY_HARDWARE_TIER3 UNITY_LIGHTMAP_DLDR_ENCODING UNITY_LIGHTMAP_RGBM_ENCODING UNITY_METAL_SHADOWS_USE_POINT_FILTERING UNITY_NO_DXT5nm UNITY_NO_FULL_STANDARD_SHADER UNITY_NO_SCREENSPACE_SHADOWS UNITY_PBS_USE_BRDF2 UNITY_PBS_USE_BRDF3 UNITY_PRETRANSFORM_TO_DISPLAY_ORIENTATION UNITY_VIRTUAL_TEXTURING _BLENDMODE_ADD _BLENDMODE_ALPHA _BLENDMODE_PRE_MULTIPLY _DOUBLESIDED_ON _ENABLE_FOG_ON_TRANSPARENT _SURFACE_TYPE_TRANSPARENT
Shader error in 'WorldSpaceTrees/HDRP_TreeLeafSwitcher': Couldn't open include file 'Packages/com.unity.render-pipelines.core/ShaderLibrary/Common.hlsl'. at line 1648

Compiling Vertex program with INSTANCING_ON _ALPHATEST_ON
Platform defines: SHADER_API_DESKTOP UNITY_COLORSPACE_GAMMA UNITY_ENABLE_DETAIL_NORMALMAP UNITY_ENABLE_REFLECTION_BUFFERS UNITY_LIGHTMAP_FULL_HDR UNITY_LIGHT_PROBE_PROXY_VOLUME UNITY_PASS_SHADOWCASTER UNITY_PBS_USE_BRDF1 UNITY_SPECCUBE_BLENDING UNITY_SPECCUBE_BOX_PROJECTION UNITY_USE_DITHER_MASK_FOR_ALPHABLENDED_SHADOWS
Disabled keywords: SHADER_API_GLES30 UNITY_ASTC_NORMALMAP_ENCODING UNITY_ENABLE_NATIVE_SHADOW_LOOKUPS UNITY_HALF_PRECISION_FRAGMENT_SHADER_REGISTERS UNITY_HARDWARE_TIER1 UNITY_HARDWARE_TIER2 UNITY_HARDWARE_TIER3 UNITY_LIGHTMAP_DLDR_ENCODING UNITY_LIGHTMAP_RGBM_ENCODING UNITY_METAL_SHADOWS_USE_POINT_FILTERING UNITY_NO_DXT5nm UNITY_NO_FULL_STANDARD_SHADER UNITY_NO_SCREENSPACE_SHADOWS UNITY_PBS_USE_BRDF2 UNITY_PBS_USE_BRDF3 UNITY_PRETRANSFORM_TO_DISPLAY_ORIENTATION UNITY_VIRTUAL_TEXTURING _BLENDMODE_ADD _BLENDMODE_ALPHA _BLENDMODE_PRE_MULTIPLY _DOUBLESIDED_ON _ENABLE_FOG_ON_TRANSPARENT _SURFACE_TYPE_TRANSPARENT
 -> (artifact id: '7993aec70aba450db8d29fb9a1315131') in 0.101952 seconds 
  Import took 0.108675 seconds .

========================================================================
Received Import Request.
  Time since last request: 0.000457 seconds.
  path: Assets/Trees_WorldSpace_FREE/Prefabs/SRP/MainTreeC_Test_SRP.prefab
  artifactKey: Guid(2fe4db782f59f2845bd1bbf8ac6d9603) Importer(815301076,1909f56bfc062723c751e8b465ee728b)
Start importing Assets/Trees_WorldSpace_FREE/Prefabs/SRP/MainTreeC_Test_SRP.prefab using Guid(2fe4db782f59f2845bd1bbf8ac6d9603) Importer(815301076,1909f56bfc062723c751e8b465ee728b)  -> (artifact id: '2359467544052327ef6970b1c190a422') in 0.059909 seconds 
  Import took 0.066042 seconds .

========================================================================
Received Import Request.
  Time since last request: 0.000343 seconds.
  path: Assets/ARCADE - FREE Racing Car/Meshes/Road.fbx
  artifactKey: Guid(ab2e556b62273434dad486c1e0a4ebf9) Importer(815301076,1909f56bfc062723c751e8b465ee728b)
Start importing Assets/ARCADE - FREE Racing Car/Meshes/Road.fbx using Guid(ab2e556b62273434dad486c1e0a4ebf9) Importer(815301076,1909f56bfc062723c751e8b465ee728b)  -> (artifact id: '0be06d697e9bc9c53671102fa5948f58') in 0.061903 seconds 
  Import took 0.067730 seconds .

========================================================================
Received Import Request.
  Time since last request: 39616.976806 seconds.
  path: Assets/Mountain Terrain/Misc/Stone_03_low.obj
  artifactKey: Guid(f091ed37a079fb94daa9d7045be0a9c5) Importer(815301076,1909f56bfc062723c751e8b465ee728b)
Start importing Assets/Mountain Terrain/Misc/Stone_03_low.obj using Guid(f091ed37a079fb94daa9d7045be0a9c5) Importer(815301076,1909f56bfc062723c751e8b465ee728b)  -> (artifact id: 'da920c9a3395d40fb51801c3920a5b9b') in 0.425005 seconds 
  Import took 0.505684 seconds .

========================================================================
Received Import Request.
  Time since last request: 0.000431 seconds.
  path: Assets/New Folder/Terrain.prefab
  artifactKey: Guid(41070050fb97fc440b1ebfdaeb93bbfa) Importer(815301076,1909f56bfc062723c751e8b465ee728b)
Start importing Assets/New Folder/Terrain.prefab using Guid(41070050fb97fc440b1ebfdaeb93bbfa) Importer(815301076,1909f56bfc062723c751e8b465ee728b)  -> (artifact id: 'a173e4753d717c3118088c5ce1846a65') in 0.042988 seconds 
  Import took 0.049876 seconds .

========================================================================
Received Import Request.
  Time since last request: 0.376544 seconds.
  path: Assets/Mountain Terrain/Prefab/Terrain_01_low2.prefab
  artifactKey: Guid(c13335fbad29c4c459e2c93137e42312) Importer(815301076,1909f56bfc062723c751e8b465ee728b)
Start importing Assets/Mountain Terrain/Prefab/Terrain_01_low2.prefab using Guid(c13335fbad29c4c459e2c93137e42312) Importer(815301076,1909f56bfc062723c751e8b465ee728b)  -> (artifact id: 'f7ed91e1f821a8c35716a2badb959493') in 0.132086 seconds 
  Import took 0.139834 seconds .

========================================================================
Received Import Request.
  Time since last request: 0.000428 seconds.
  path: Assets/Mountain Terrain/Misc/Terrain_01_low2.obj
  artifactKey: Guid(dab2c1b588eef2344b03658ce566d079) Importer(815301076,1909f56bfc062723c751e8b465ee728b)
Start importing Assets/Mountain Terrain/Misc/Terrain_01_low2.obj using Guid(dab2c1b588eef2344b03658ce566d079) Importer(815301076,1909f56bfc062723c751e8b465ee728b)  -> (artifact id: 'a3dd7a624f562faf3d7ca2842781407e') in 0.084668 seconds 
  Import took 0.089669 seconds .

========================================================================
Received Import Request.
  Time since last request: 1.657385 seconds.
  path: Assets/Low Poly Destructible 2Cars no. 8/Wheels/Wheel/Wheel.FBX
  artifactKey: Guid(3de60c8e32dbfbf4d82f0d3e8c328780) Importer(815301076,1909f56bfc062723c751e8b465ee728b)
Start importing Assets/Low Poly Destructible 2Cars no. 8/Wheels/Wheel/Wheel.FBX using Guid(3de60c8e32dbfbf4d82f0d3e8c328780) Importer(815301076,1909f56bfc062723c751e8b465ee728b)  -> (artifact id: '18952b79047d3430c582dbc78b8e2c39') in 0.122148 seconds 
  Import took 0.130531 seconds .

========================================================================
Received Import Request.
  Time since last request: 32.081772 seconds.
  path: Assets/Mountain Terrain/stone_03
  artifactKey: Guid(4b81ffc0d62ad27469f3210d362909d1) Importer(815301076,1909f56bfc062723c751e8b465ee728b)
Start importing Assets/Mountain Terrain/stone_03 using Guid(4b81ffc0d62ad27469f3210d362909d1) Importer(815301076,1909f56bfc062723c751e8b465ee728b)  -> (artifact id: 'c49b41edb5ca0844b8a5a8951d45f1f6') in 0.015942 seconds 
  Import took 0.021547 seconds .

========================================================================
Received Import Request.
  Time since last request: 4261.774315 seconds.
  path: Assets/Mountain Terrain/Prefab
  artifactKey: Guid(c38eced019abd7d45bef0b4b228ce865) Importer(815301076,1909f56bfc062723c751e8b465ee728b)
Start importing Assets/Mountain Terrain/Prefab using Guid(c38eced019abd7d45bef0b4b228ce865) Importer(815301076,1909f56bfc062723c751e8b465ee728b)  -> (artifact id: '88eef84b8f1e3615303fd4ada8577788') in 0.013328 seconds 
  Import took 0.018654 seconds .

========================================================================
Received Import Request.
  Time since last request: 32.435827 seconds.
  path: Assets/Snow mountain tracks/Resources/Models/concrete.asset
  artifactKey: Guid(12d78428deb775d448b5cc0326e43380) Importer(815301076,1909f56bfc062723c751e8b465ee728b)
Start importing Assets/Snow mountain tracks/Resources/Models/concrete.asset using Guid(12d78428deb775d448b5cc0326e43380) Importer(815301076,1909f56bfc062723c751e8b465ee728b)  -> (artifact id: '651251469bc8f14beca2359f22b7d7e0') in 0.189287 seconds 
  Import took 0.192641 seconds .

========================================================================
Received Import Request.
  Time since last request: 0.000259 seconds.
  path: Assets/Snow mountain tracks/Resources/Models/concrete 2.asset
  artifactKey: Guid(ed41ebd2345b5924c90f919f45e87d2b) Importer(815301076,1909f56bfc062723c751e8b465ee728b)
Start importing Assets/Snow mountain tracks/Resources/Models/concrete 2.asset using Guid(ed41ebd2345b5924c90f919f45e87d2b) Importer(815301076,1909f56bfc062723c751e8b465ee728b)  -> (artifact id: 'fe2c97607102aa23336378fd8fe91aff') in 0.181913 seconds 
  Import took 0.186842 seconds .

========================================================================
Received Import Request.
  Time since last request: 1.958433 seconds.
  path: Assets/Snow mountain tracks/Resources/Models/poles.asset
  artifactKey: Guid(ebda0cb17de4a154a806302ef3a464f2) Importer(815301076,1909f56bfc062723c751e8b465ee728b)
Start importing Assets/Snow mountain tracks/Resources/Models/poles.asset using Guid(ebda0cb17de4a154a806302ef3a464f2) Importer(815301076,1909f56bfc062723c751e8b465ee728b)  -> (artifact id: '8876949d5b357f8ba800c24fa641dec7') in 0.094372 seconds 
  Import took 0.099490 seconds .

========================================================================
Received Import Request.
  Time since last request: 1218.319041 seconds.
  path: Assets/Mountain Terrain/Prefab/Stone_03_low.prefab
  artifactKey: Guid(2faa4fc3b7b1fc84c8b1b2f1af42617e) Importer(815301076,1909f56bfc062723c751e8b465ee728b)
Start importing Assets/Mountain Terrain/Prefab/Stone_03_low.prefab using Guid(2faa4fc3b7b1fc84c8b1b2f1af42617e) Importer(815301076,1909f56bfc062723c751e8b465ee728b)  -> (artifact id: '476feafd2d6bd52595647619ea3621f8') in 0.124118 seconds 
  Import took 0.130309 seconds .

