Using pre-set license
Built from '2020.3/staging' branch; Version is '2020.3.25f1 (9b9180224418) revision 10195328'; Using compiler version '192528614'; Build Type 'Release'
OS: 'Windows 11  (10.0.22000) 64bit CoreSingleLanguage' Language: 'en' Physical Memory: 14188 MB
BatchMode: 1, IsHumanControllingUs: 0, StartBugReporterOnCrash: 0, Is64bit: 1, IsPro: 0

COMMAND LINE ARGUMENTS:
C:\Program Files\Unity\Hub\Editor\2020.3.25f1\Editor\Unity.exe
-adb2
-batchMode
-noUpm
-name
AssetImportWorker0
-projectPath
D:/Unity Projects/CS Final Project/Gene-Algo
-logFile
Logs/AssetImportWorker0.log
-srvPort
11658
Successfully changed project path to: D:/Unity Projects/CS Final Project/Gene-Algo
D:/Unity Projects/CS Final Project/Gene-Algo
Using Asset Import Pipeline V2.
Refreshing native plugins compatible for Editor in 43.33 ms, found 2 plugins.
Preloading 0 native plugins for Editor in 0.00 ms.
Initialize engine version: 2020.3.25f1 (9b9180224418)
[Subsystems] Discovering subsystems at path C:/Program Files/Unity/Hub/Editor/2020.3.25f1/Editor/Data/Resources/UnitySubsystems
[Subsystems] Discovering subsystems at path D:/Unity Projects/CS Final Project/Gene-Algo/Assets
GfxDevice: creating device client; threaded=0
Direct3D:
    Version:  Direct3D 11.0 [level 11.1]
    Renderer: NVIDIA GeForce RTX 3060 Laptop GPU (ID=0x2560)
    Vendor:   
    VRAM:     6023 MB
    Driver:   30.0.14.9729
Initialize mono
Mono path[0] = 'C:/Program Files/Unity/Hub/Editor/2020.3.25f1/Editor/Data/Managed'
Mono path[1] = 'C:/Program Files/Unity/Hub/Editor/2020.3.25f1/Editor/Data/MonoBleedingEdge/lib/mono/unityjit'
Mono config path = 'C:/Program Files/Unity/Hub/Editor/2020.3.25f1/Editor/Data/MonoBleedingEdge/etc'
Using monoOptions --debugger-agent=transport=dt_socket,embedding=1,server=y,suspend=n,address=127.0.0.1:56536
Begin MonoManager ReloadAssembly
Registering precompiled unity dll's ...
Register platform support module: C:/Program Files/Unity/Hub/Editor/2020.3.25f1/Editor/Data/PlaybackEngines/WebGLSupport/UnityEditor.WebGL.Extensions.dll
Register platform support module: C:/Program Files/Unity/Hub/Editor/2020.3.25f1/Editor/Data/PlaybackEngines/WindowsStandaloneSupport/UnityEditor.WindowsStandalone.Extensions.dll
Registered in 0.002112 seconds.
Native extension for WindowsStandalone target not found
Native extension for WebGL target not found
Refreshing native plugins compatible for Editor in 38.94 ms, found 2 plugins.
Preloading 0 native plugins for Editor in 0.00 ms.
Mono: successfully reloaded assembly
- Completed reload, in  0.697 seconds
Domain Reload Profiling:
	ReloadAssembly (697ms)
		BeginReloadAssembly (61ms)
			ExecutionOrderSort (0ms)
			DisableScriptedObjects (0ms)
			BackupInstance (0ms)
			ReleaseScriptingObjects (0ms)
			CreateAndSetChildDomain (1ms)
		EndReloadAssembly (542ms)
			LoadAssemblies (59ms)
			RebuildTransferFunctionScriptingTraits (0ms)
			SetupTypeCache (184ms)
			ReleaseScriptCaches (0ms)
			RebuildScriptCaches (33ms)
			SetupLoadedEditorAssemblies (190ms)
				LogAssemblyErrors (0ms)
				InitializePlatformSupportModulesInManaged (6ms)
				SetLoadedEditorAssemblies (0ms)
				RefreshPlugins (39ms)
				BeforeProcessingInitializeOnLoad (19ms)
				ProcessInitializeOnLoadAttributes (94ms)
				ProcessInitializeOnLoadMethodAttributes (31ms)
				AfterProcessingInitializeOnLoad (0ms)
				EditorAssembliesLoaded (0ms)
			ExecutionOrderSort2 (0ms)
			AwakeInstancesAfterBackupRestoration (0ms)
Platform modules already initialized, skipping
Registering precompiled user dll's ...
Registered in 0.002723 seconds.
Begin MonoManager ReloadAssembly
Native extension for WindowsStandalone target not found
Native extension for WebGL target not found
Refreshing native plugins compatible for Editor in 0.52 ms, found 2 plugins.
Preloading 0 native plugins for Editor in 0.00 ms.
Mono: successfully reloaded assembly
- Completed reload, in  1.173 seconds
Domain Reload Profiling:
	ReloadAssembly (1174ms)
		BeginReloadAssembly (149ms)
			ExecutionOrderSort (0ms)
			DisableScriptedObjects (6ms)
			BackupInstance (0ms)
			ReleaseScriptingObjects (0ms)
			CreateAndSetChildDomain (20ms)
		EndReloadAssembly (954ms)
			LoadAssemblies (90ms)
			RebuildTransferFunctionScriptingTraits (0ms)
			SetupTypeCache (319ms)
			ReleaseScriptCaches (0ms)
			RebuildScriptCaches (49ms)
			SetupLoadedEditorAssemblies (375ms)
				LogAssemblyErrors (0ms)
				InitializePlatformSupportModulesInManaged (8ms)
				SetLoadedEditorAssemblies (1ms)
				RefreshPlugins (1ms)
				BeforeProcessingInitializeOnLoad (104ms)
				ProcessInitializeOnLoadAttributes (246ms)
				ProcessInitializeOnLoadMethodAttributes (10ms)
				AfterProcessingInitializeOnLoad (5ms)
				EditorAssembliesLoaded (0ms)
			ExecutionOrderSort2 (0ms)
			AwakeInstancesAfterBackupRestoration (7ms)
Platform modules already initialized, skipping
========================================================================
Worker process is ready to serve import requests
Launched and connected shader compiler UnityShaderCompiler.exe after 0.05 seconds
Refreshing native plugins compatible for Editor in 0.53 ms, found 2 plugins.
Preloading 0 native plugins for Editor in 0.00 ms.
Unloading 1515 Unused Serialized files (Serialized files now loaded: 0)
System memory in use before: 83.9 MB.
System memory in use after: 83.4 MB.

Unloading 21 unused Assets to reduce memory usage. Loaded Objects now: 1964.
Total: 3.383600 ms (FindLiveObjects: 0.159400 ms CreateObjectMapping: 0.050100 ms MarkObjects: 2.904700 ms  DeleteObjects: 0.268000 ms)

AssetImportParameters requested are different than current active one (requested -> active):
  custom:framework-win-MediaFoundation: 216162199b28c13a410421893ffa2e32 -> 
  custom:video-decoder-ogg-theora: a1e56fd34408186e4bbccfd4996cb3dc -> 
  custom:container-muxer-webm: aa71ff27fc2769a1b78a27578f13a17b -> 
  custom:container-demuxer-webm: 4f35f7cbe854078d1ac9338744f61a02 -> 
  custom:container-demuxer-ogg: 62fdf1f143b41e24485cea50d1cbac27 -> 
  custom:video-encoder-webm-vp8: eb34c28f22e8b96e1ab97ce403110664 -> 
  custom:video-codec-MediaFoundation-h265: 746d11721c4dcdbdad8f713fa42b33f4 -> 
  custom:video-decoder-webm-vp8: 9c59270c3fd7afecdb556c50c9e8de78 -> 
  custom:audio-decoder-ogg-vorbis: bf7c407c2cedff20999df2af8eb42d56 -> 
  custom:audio-encoder-webm-vorbis: bf7c407c2cedff20999df2af8eb42d56 -> 
========================================================================
Received Import Request.
  path: Assets/Snow mountain tracks/terrain.asset
  artifactKey: Guid(d216ab1bb2f42e44bb0c77a040f8eb11) Importer(815301076,1909f56bfc062723c751e8b465ee728b)
Start importing Assets/Snow mountain tracks/terrain.asset using Guid(d216ab1bb2f42e44bb0c77a040f8eb11) Importer(815301076,1909f56bfc062723c751e8b465ee728b) Tree prefab at index 0 is missing.
The tree acacia1_2 couldn't be instanced because the prefab contains no valid mesh renderer.
 -> (artifact id: '2cef75c3a497e2380a264b41d1885ecb') in 0.109862 seconds 
  Import took 0.113452 seconds .

========================================================================
Received Import Request.
  Time since last request: 37.204393 seconds.
  path: Assets/Snow mountain tracks/terrain.asset
  artifactKey: Guid(d216ab1bb2f42e44bb0c77a040f8eb11) Importer(815301076,1909f56bfc062723c751e8b465ee728b)
Start importing Assets/Snow mountain tracks/terrain.asset using Guid(d216ab1bb2f42e44bb0c77a040f8eb11) Importer(815301076,1909f56bfc062723c751e8b465ee728b) Tree prefab at index 0 is missing.
The tree acacia1_2 couldn't be instanced because the prefab contains no valid mesh renderer.
 -> (artifact id: '23bacce37cf08e396d9ebd3a7e0cd8d7') in 0.031110 seconds 
  Import took 0.035944 seconds .

========================================================================
Received Import Request.
  Time since last request: 197.913077 seconds.
  path: Assets/Mountain Terrain/Trees/materials/acacia1.png
  artifactKey: Guid(3dcf17064d341bc4a9d3b0bdc0fc96e6) Importer(815301076,1909f56bfc062723c751e8b465ee728b)
Start importing Assets/Mountain Terrain/Trees/materials/acacia1.png using Guid(3dcf17064d341bc4a9d3b0bdc0fc96e6) Importer(815301076,1909f56bfc062723c751e8b465ee728b)  -> (artifact id: '3f89eb5cf3f94db09a0c79a07de1d0f6') in 0.021312 seconds 
  Import took 0.024757 seconds .

========================================================================
Received Import Request.
  Time since last request: 0.000202 seconds.
  path: Assets/Mountain Terrain/Trees/materials/bark07.png
  artifactKey: Guid(c0061ff844a9b2947b2bbd88ff564bba) Importer(815301076,1909f56bfc062723c751e8b465ee728b)
Start importing Assets/Mountain Terrain/Trees/materials/bark07.png using Guid(c0061ff844a9b2947b2bbd88ff564bba) Importer(815301076,1909f56bfc062723c751e8b465ee728b)  -> (artifact id: 'e8e20a779ac2946c2bb48ba4449f325c') in 0.023891 seconds 
  Import took 0.027621 seconds .

========================================================================
Received Import Request.
  Time since last request: 0.000302 seconds.
  path: Assets/Mountain Terrain/Trees/materials/acacia1 Blend_n.png
  artifactKey: Guid(434e21e9516ef9a4e8064ec371b10d15) Importer(815301076,1909f56bfc062723c751e8b465ee728b)
Start importing Assets/Mountain Terrain/Trees/materials/acacia1 Blend_n.png using Guid(434e21e9516ef9a4e8064ec371b10d15) Importer(815301076,1909f56bfc062723c751e8b465ee728b)  -> (artifact id: 'd7de1b8ac4c0869bcaa51bd101c9072c') in 0.050540 seconds 
  Import took 0.053998 seconds .

========================================================================
Received Import Request.
  Time since last request: 0.000261 seconds.
  path: Assets/Mountain Terrain/Trees/materials/bark07_n.png
  artifactKey: Guid(d5839c241788dcd4880baaa26516fda5) Importer(815301076,1909f56bfc062723c751e8b465ee728b)
Start importing Assets/Mountain Terrain/Trees/materials/bark07_n.png using Guid(d5839c241788dcd4880baaa26516fda5) Importer(815301076,1909f56bfc062723c751e8b465ee728b)  -> (artifact id: 'f7ce56a723f26b99ecf506c6442e31df') in 0.016851 seconds 
  Import took 0.020010 seconds .

========================================================================
Received Import Request.
  Time since last request: 0.000239 seconds.
  path: Assets/Mountain Terrain/Trees/materials/acacia1 Blend_s.png
  artifactKey: Guid(d362d6dd3f0925f45b0c53147dc0b391) Importer(815301076,1909f56bfc062723c751e8b465ee728b)
Start importing Assets/Mountain Terrain/Trees/materials/acacia1 Blend_s.png using Guid(d362d6dd3f0925f45b0c53147dc0b391) Importer(815301076,1909f56bfc062723c751e8b465ee728b)  -> (artifact id: 'ea1040b82ba26258d4120a2754cc7dad') in 0.014296 seconds 
  Import took 0.017308 seconds .

========================================================================
Received Import Request.
  Time since last request: 0.000248 seconds.
  path: Assets/Mountain Terrain/Trees/materials/bark07_s.png
  artifactKey: Guid(4e59ef115bff12442b28a755fd77a074) Importer(815301076,1909f56bfc062723c751e8b465ee728b)
Start importing Assets/Mountain Terrain/Trees/materials/bark07_s.png using Guid(4e59ef115bff12442b28a755fd77a074) Importer(815301076,1909f56bfc062723c751e8b465ee728b)  -> (artifact id: 'eab1b4ab153ec442dd60cc058c02d27e') in 0.020627 seconds 
  Import took 0.023385 seconds .

========================================================================
Received Import Request.
  Time since last request: 0.000217 seconds.
  path: Assets/Mountain Terrain/Texture/Ambient Occlusion Map from Mesh DefaultMaterial.png
  artifactKey: Guid(08788e3db420846499cfa804278f3486) Importer(815301076,1909f56bfc062723c751e8b465ee728b)
Start importing Assets/Mountain Terrain/Texture/Ambient Occlusion Map from Mesh DefaultMaterial.png using Guid(08788e3db420846499cfa804278f3486) Importer(815301076,1909f56bfc062723c751e8b465ee728b)  -> (artifact id: '84edb69f40e5c01762c77de32bd6203d') in 0.033344 seconds 
  Import took 0.036227 seconds .

========================================================================
Received Import Request.
  Time since last request: 3.378282 seconds.
  path: Assets/Skybox/Fantasy Skybox FREE/Materials/Classic/FS000_Day_01.png
  artifactKey: Guid(1331a26d2843a1148a23d5ddc81629dc) Importer(815301076,1909f56bfc062723c751e8b465ee728b)
Start importing Assets/Skybox/Fantasy Skybox FREE/Materials/Classic/FS000_Day_01.png using Guid(1331a26d2843a1148a23d5ddc81629dc) Importer(815301076,1909f56bfc062723c751e8b465ee728b)  -> (artifact id: '6423ac1ca63b8633e01a0eac4d790895') in 0.092244 seconds 
  Import took 0.095411 seconds .

========================================================================
Received Import Request.
  Time since last request: 0.000197 seconds.
  path: Assets/Skybox/Fantasy Skybox FREE/Materials/Classic/FS000_Day_03_Sunless.png
  artifactKey: Guid(6b057cc84b9df8440b171f96ff306279) Importer(815301076,1909f56bfc062723c751e8b465ee728b)
Start importing Assets/Skybox/Fantasy Skybox FREE/Materials/Classic/FS000_Day_03_Sunless.png using Guid(6b057cc84b9df8440b171f96ff306279) Importer(815301076,1909f56bfc062723c751e8b465ee728b)  -> (artifact id: 'e86c2595261d34df4d7590e9748c75c8') in 0.056065 seconds 
  Import took 0.059524 seconds .

========================================================================
Received Import Request.
  Time since last request: 0.000230 seconds.
  path: Assets/Skybox/Fantasy Skybox FREE/Materials/Classic/FS000_Day_03.png
  artifactKey: Guid(24941804827e1524eb70477f7f68a111) Importer(815301076,1909f56bfc062723c751e8b465ee728b)
Start importing Assets/Skybox/Fantasy Skybox FREE/Materials/Classic/FS000_Day_03.png using Guid(24941804827e1524eb70477f7f68a111) Importer(815301076,1909f56bfc062723c751e8b465ee728b)  -> (artifact id: '3e30312954284e91c0205c9f4bb9ebc8') in 0.065106 seconds 
  Import took 0.068283 seconds .

========================================================================
Received Import Request.
  Time since last request: 0.000232 seconds.
  path: Assets/Skybox/Fantasy Skybox FREE/Materials/Classic/FS000_Day_02.png
  artifactKey: Guid(88c467166db994146961f1ecc5fc214e) Importer(815301076,1909f56bfc062723c751e8b465ee728b)
Start importing Assets/Skybox/Fantasy Skybox FREE/Materials/Classic/FS000_Day_02.png using Guid(88c467166db994146961f1ecc5fc214e) Importer(815301076,1909f56bfc062723c751e8b465ee728b)  -> (artifact id: '3c29b8423f58ee47a4c93835260059ae') in 0.045468 seconds 
  Import took 0.048460 seconds .

========================================================================
Received Import Request.
  Time since last request: 0.000299 seconds.
  path: Assets/Skybox/Fantasy Skybox FREE/Materials/Classic/FS000_Day_01_Sunless.png
  artifactKey: Guid(d6a64d96999aec647a489f7d73c1a4c6) Importer(815301076,1909f56bfc062723c751e8b465ee728b)
Start importing Assets/Skybox/Fantasy Skybox FREE/Materials/Classic/FS000_Day_01_Sunless.png using Guid(d6a64d96999aec647a489f7d73c1a4c6) Importer(815301076,1909f56bfc062723c751e8b465ee728b)  -> (artifact id: '17ace435f1ee1eb1c6071cd582569d4d') in 0.053292 seconds 
  Import took 0.056176 seconds .

========================================================================
Received Import Request.
  Time since last request: 0.000286 seconds.
  path: Assets/Skybox/Fantasy Skybox FREE/Materials/Classic/FS000_Day_02_Sunless.png
  artifactKey: Guid(a12ea62fd952d57439f49b6287da4762) Importer(815301076,1909f56bfc062723c751e8b465ee728b)
Start importing Assets/Skybox/Fantasy Skybox FREE/Materials/Classic/FS000_Day_02_Sunless.png using Guid(a12ea62fd952d57439f49b6287da4762) Importer(815301076,1909f56bfc062723c751e8b465ee728b)  -> (artifact id: '68996c981db1da0c0383ee29e1539044') in 0.043671 seconds 
  Import took 0.046626 seconds .

========================================================================
Received Import Request.
  Time since last request: 0.311447 seconds.
  path: Assets/Skybox/Fantasy Skybox FREE/Materials/Classic/FS000_Day_04.png
  artifactKey: Guid(599e20092e3297247ad7ecc4ba9caf00) Importer(815301076,1909f56bfc062723c751e8b465ee728b)
Start importing Assets/Skybox/Fantasy Skybox FREE/Materials/Classic/FS000_Day_04.png using Guid(599e20092e3297247ad7ecc4ba9caf00) Importer(815301076,1909f56bfc062723c751e8b465ee728b)  -> (artifact id: '8943a59274d38678991dacd303392e90') in 0.084938 seconds 
  Import took 0.088840 seconds .

========================================================================
Received Import Request.
  Time since last request: 0.000215 seconds.
  path: Assets/Skybox/Fantasy Skybox FREE/Materials/Classic/FS000_Day_05.png
  artifactKey: Guid(3b9c8413bb7d59b4dbd832a9122271cb) Importer(815301076,1909f56bfc062723c751e8b465ee728b)
Start importing Assets/Skybox/Fantasy Skybox FREE/Materials/Classic/FS000_Day_05.png using Guid(3b9c8413bb7d59b4dbd832a9122271cb) Importer(815301076,1909f56bfc062723c751e8b465ee728b)  -> (artifact id: '7cba69c742f90e4b6dd7a60d414a6386') in 0.057346 seconds 
  Import took 0.060601 seconds .

========================================================================
Received Import Request.
  Time since last request: 0.000247 seconds.
  path: Assets/Skybox/Fantasy Skybox FREE/Materials/Classic/FS000_Day_04_Sunless.png
  artifactKey: Guid(0e981c5218a661d479182696be5f084f) Importer(815301076,1909f56bfc062723c751e8b465ee728b)
Start importing Assets/Skybox/Fantasy Skybox FREE/Materials/Classic/FS000_Day_04_Sunless.png using Guid(0e981c5218a661d479182696be5f084f) Importer(815301076,1909f56bfc062723c751e8b465ee728b)  -> (artifact id: '88e5d168d1ffa9ea8a475534de42adb5') in 0.064780 seconds 
  Import took 0.068000 seconds .

========================================================================
Received Import Request.
  Time since last request: 0.000245 seconds.
  path: Assets/Skybox/Fantasy Skybox FREE/Materials/Classic/FS000_Night_01.png
  artifactKey: Guid(a64d2362d418d194f91274685fb10faf) Importer(815301076,1909f56bfc062723c751e8b465ee728b)
Start importing Assets/Skybox/Fantasy Skybox FREE/Materials/Classic/FS000_Night_01.png using Guid(a64d2362d418d194f91274685fb10faf) Importer(815301076,1909f56bfc062723c751e8b465ee728b)  -> (artifact id: 'a360e9170b8653346aa6caf5c612077c') in 0.045894 seconds 
  Import took 0.049166 seconds .

========================================================================
Received Import Request.
  Time since last request: 0.000286 seconds.
  path: Assets/Skybox/Fantasy Skybox FREE/Materials/Classic/FS000_Night_01_Moonless.png
  artifactKey: Guid(ac8a32e5107b67a47939926c52798a2b) Importer(815301076,1909f56bfc062723c751e8b465ee728b)
Start importing Assets/Skybox/Fantasy Skybox FREE/Materials/Classic/FS000_Night_01_Moonless.png using Guid(ac8a32e5107b67a47939926c52798a2b) Importer(815301076,1909f56bfc062723c751e8b465ee728b)  -> (artifact id: '2662f3ea87a2381c01204be232a93a4e') in 0.040415 seconds 
  Import took 0.043238 seconds .

========================================================================
Received Import Request.
  Time since last request: 0.000296 seconds.
  path: Assets/Skybox/Fantasy Skybox FREE/Materials/Classic/FS000_Day_05_Sunless.png
  artifactKey: Guid(33762238fbd938c4c97707195d7e97e2) Importer(815301076,1909f56bfc062723c751e8b465ee728b)
Start importing Assets/Skybox/Fantasy Skybox FREE/Materials/Classic/FS000_Day_05_Sunless.png using Guid(33762238fbd938c4c97707195d7e97e2) Importer(815301076,1909f56bfc062723c751e8b465ee728b)  -> (artifact id: '0e89d542a93495c723900a35922c976e') in 0.044025 seconds 
  Import took 0.046708 seconds .

========================================================================
Received Import Request.
  Time since last request: 0.000264 seconds.
  path: Assets/Skybox/Fantasy Skybox FREE/Materials/Classic/FS000_Day_06.png
  artifactKey: Guid(5dd1dab73acb80a4ca4a200b35ea95e2) Importer(815301076,1909f56bfc062723c751e8b465ee728b)
Start importing Assets/Skybox/Fantasy Skybox FREE/Materials/Classic/FS000_Day_06.png using Guid(5dd1dab73acb80a4ca4a200b35ea95e2) Importer(815301076,1909f56bfc062723c751e8b465ee728b)  -> (artifact id: '5179c417f2a41b78203c27ba382a91c9') in 0.040159 seconds 
  Import took 0.043205 seconds .

========================================================================
Received Import Request.
  Time since last request: 0.000259 seconds.
  path: Assets/Skybox/Fantasy Skybox FREE/Materials/Classic/FS000_Day_06_Sunless.png
  artifactKey: Guid(5a80706490c0b9e458216d2d0bb6c8f5) Importer(815301076,1909f56bfc062723c751e8b465ee728b)
Start importing Assets/Skybox/Fantasy Skybox FREE/Materials/Classic/FS000_Day_06_Sunless.png using Guid(5a80706490c0b9e458216d2d0bb6c8f5) Importer(815301076,1909f56bfc062723c751e8b465ee728b)  -> (artifact id: '5effb78d8a9a06a54d9de58e0a235bdf') in 0.042261 seconds 
  Import took 0.045445 seconds .

========================================================================
Received Import Request.
  Time since last request: 0.155176 seconds.
  path: Assets/Skybox/Fantasy Skybox FREE/Materials/Classic/FS000_Night_02.png
  artifactKey: Guid(e60c8653c33d3da4d8f660c15214d3ac) Importer(815301076,1909f56bfc062723c751e8b465ee728b)
Start importing Assets/Skybox/Fantasy Skybox FREE/Materials/Classic/FS000_Night_02.png using Guid(e60c8653c33d3da4d8f660c15214d3ac) Importer(815301076,1909f56bfc062723c751e8b465ee728b)  -> (artifact id: '2b8f8c87247dc9cbecc71e2f2559e370') in 0.068819 seconds 
  Import took 0.072538 seconds .

========================================================================
Received Import Request.
  Time since last request: 0.000237 seconds.
  path: Assets/Skybox/Fantasy Skybox FREE/Materials/FS002/FS002_Day_Sunless.png
  artifactKey: Guid(e2c576b6d07638b468b5ba303a3a07cb) Importer(815301076,1909f56bfc062723c751e8b465ee728b)
Start importing Assets/Skybox/Fantasy Skybox FREE/Materials/FS002/FS002_Day_Sunless.png using Guid(e2c576b6d07638b468b5ba303a3a07cb) Importer(815301076,1909f56bfc062723c751e8b465ee728b)  -> (artifact id: 'aea0bd1307e92314a3ba113a4e8aa7ac') in 0.023992 seconds 
  Import took 0.026842 seconds .

========================================================================
Received Import Request.
  Time since last request: 0.000289 seconds.
  path: Assets/Skybox/Fantasy Skybox FREE/Materials/Classic/FS000_Night_02_Moonless.png
  artifactKey: Guid(6b1d9786203d21246bc448213b0f9aed) Importer(815301076,1909f56bfc062723c751e8b465ee728b)
Start importing Assets/Skybox/Fantasy Skybox FREE/Materials/Classic/FS000_Night_02_Moonless.png using Guid(6b1d9786203d21246bc448213b0f9aed) Importer(815301076,1909f56bfc062723c751e8b465ee728b)  -> (artifact id: '1ab8405c48d6f1ee0200dbe8c51b4eb8') in 0.043112 seconds 
  Import took 0.046169 seconds .

========================================================================
Received Import Request.
  Time since last request: 0.000210 seconds.
  path: Assets/Skybox/Fantasy Skybox FREE/Materials/FS002/FS002_Night_Moonless.png
  artifactKey: Guid(13ec4f589b2340646969832fc2e68ec6) Importer(815301076,1909f56bfc062723c751e8b465ee728b)
Start importing Assets/Skybox/Fantasy Skybox FREE/Materials/FS002/FS002_Night_Moonless.png using Guid(13ec4f589b2340646969832fc2e68ec6) Importer(815301076,1909f56bfc062723c751e8b465ee728b)  -> (artifact id: 'cd1a2e2c48f7b0449489e971016d3792') in 0.027233 seconds 
  Import took 0.031029 seconds .

========================================================================
Received Import Request.
  Time since last request: 0.000224 seconds.
  path: Assets/Skybox/Fantasy Skybox FREE/Materials/FS002/FS002_Snowy.png
  artifactKey: Guid(0ffe8585761fae642bd4d7d85819a5f5) Importer(815301076,1909f56bfc062723c751e8b465ee728b)
Start importing Assets/Skybox/Fantasy Skybox FREE/Materials/FS002/FS002_Snowy.png using Guid(0ffe8585761fae642bd4d7d85819a5f5) Importer(815301076,1909f56bfc062723c751e8b465ee728b)  -> (artifact id: 'ca5c36e34437a44edd0eaccf675a5cf7') in 0.023014 seconds 
  Import took 0.026195 seconds .

========================================================================
Received Import Request.
  Time since last request: 0.000303 seconds.
  path: Assets/Skybox/Fantasy Skybox FREE/Materials/Classic/FS000_Night_03_Moonless.png
  artifactKey: Guid(72dbfaf2e11e92744a2ff15822b9079f) Importer(815301076,1909f56bfc062723c751e8b465ee728b)
Start importing Assets/Skybox/Fantasy Skybox FREE/Materials/Classic/FS000_Night_03_Moonless.png using Guid(72dbfaf2e11e92744a2ff15822b9079f) Importer(815301076,1909f56bfc062723c751e8b465ee728b)  -> (artifact id: '20a94bba60f640658fa03faf62ea57e6') in 0.041773 seconds 
  Import took 0.044494 seconds .

========================================================================
Received Import Request.
  Time since last request: 0.000326 seconds.
  path: Assets/Skybox/Fantasy Skybox FREE/Materials/Classic/FS000_Night_03.png
  artifactKey: Guid(df8d1504e61fa6046bbb3b99bf96da1a) Importer(815301076,1909f56bfc062723c751e8b465ee728b)
Start importing Assets/Skybox/Fantasy Skybox FREE/Materials/Classic/FS000_Night_03.png using Guid(df8d1504e61fa6046bbb3b99bf96da1a) Importer(815301076,1909f56bfc062723c751e8b465ee728b)  -> (artifact id: '05459f0e71ff075bf34a872bc0adfb69') in 0.056134 seconds 
  Import took 0.059133 seconds .

========================================================================
Received Import Request.
  Time since last request: 0.000533 seconds.
  path: Assets/Skybox/Fantasy Skybox FREE/Materials/FS002/FS002_Day.png
  artifactKey: Guid(90bac99dc822bf641b140cdc291b845e) Importer(815301076,1909f56bfc062723c751e8b465ee728b)
Start importing Assets/Skybox/Fantasy Skybox FREE/Materials/FS002/FS002_Day.png using Guid(90bac99dc822bf641b140cdc291b845e) Importer(815301076,1909f56bfc062723c751e8b465ee728b)  -> (artifact id: 'b9767b398e2a3123565c3bca226e4073') in 0.023916 seconds 
  Import took 0.027978 seconds .

========================================================================
Received Import Request.
  Time since last request: 0.000243 seconds.
  path: Assets/Skybox/Fantasy Skybox FREE/Materials/FS002/FS002_Night.png
  artifactKey: Guid(3cf4d52b14bd4254d9f4fd063f8d9bfd) Importer(815301076,1909f56bfc062723c751e8b465ee728b)
Start importing Assets/Skybox/Fantasy Skybox FREE/Materials/FS002/FS002_Night.png using Guid(3cf4d52b14bd4254d9f4fd063f8d9bfd) Importer(815301076,1909f56bfc062723c751e8b465ee728b)  -> (artifact id: '58cb5310f55cddb1375a39d933583100') in 0.025754 seconds 
  Import took 0.028514 seconds .

========================================================================
Received Import Request.
  Time since last request: 0.000285 seconds.
  path: Assets/Skybox/Fantasy Skybox FREE/Materials/FS002/FS002_Rainy.png
  artifactKey: Guid(9183c8173b34a5741a60673a672347cb) Importer(815301076,1909f56bfc062723c751e8b465ee728b)
Start importing Assets/Skybox/Fantasy Skybox FREE/Materials/FS002/FS002_Rainy.png using Guid(9183c8173b34a5741a60673a672347cb) Importer(815301076,1909f56bfc062723c751e8b465ee728b)  -> (artifact id: 'b1759da094cee4403dc5423a7a862dc7') in 0.024371 seconds 
  Import took 0.027342 seconds .

========================================================================
Received Import Request.
  Time since last request: 0.183886 seconds.
  path: Assets/Skybox/Fantasy Skybox FREE/Materials/FS002/FS002_Sunrise.png
  artifactKey: Guid(7deb3454b299fae498f2365d40aee326) Importer(815301076,1909f56bfc062723c751e8b465ee728b)
Start importing Assets/Skybox/Fantasy Skybox FREE/Materials/FS002/FS002_Sunrise.png using Guid(7deb3454b299fae498f2365d40aee326) Importer(815301076,1909f56bfc062723c751e8b465ee728b)  -> (artifact id: '6a204f6c79cea84f9cb17b2cfcc65f8a') in 0.033276 seconds 
  Import took 0.036888 seconds .

========================================================================
Received Import Request.
  Time since last request: 0.000244 seconds.
  path: Assets/Skybox/Fantasy Skybox FREE/Materials/FS002/FS002_Sunset.png
  artifactKey: Guid(88c4ef1770f6491408e50fd96829b1b6) Importer(815301076,1909f56bfc062723c751e8b465ee728b)
Start importing Assets/Skybox/Fantasy Skybox FREE/Materials/FS002/FS002_Sunset.png using Guid(88c4ef1770f6491408e50fd96829b1b6) Importer(815301076,1909f56bfc062723c751e8b465ee728b)  -> (artifact id: 'd555bbd4524db60be9b71eafb68f27f3') in 0.022855 seconds 
  Import took 0.025864 seconds .

========================================================================
Received Import Request.
  Time since last request: 101.375477 seconds.
  path: Assets/Snow mountain tracks/terrain.asset
  artifactKey: Guid(d216ab1bb2f42e44bb0c77a040f8eb11) Importer(815301076,1909f56bfc062723c751e8b465ee728b)
Start importing Assets/Snow mountain tracks/terrain.asset using Guid(d216ab1bb2f42e44bb0c77a040f8eb11) Importer(815301076,1909f56bfc062723c751e8b465ee728b) Tree prefab at index 0 is missing.
The tree acacia1_2 couldn't be instanced because the prefab contains no valid mesh renderer.
 -> (artifact id: '12c2093b38bb694f2e096d3c64dd8dc9') in 0.024822 seconds 
  Import took 0.028527 seconds .

========================================================================
Received Import Request.
  Time since last request: 106.274134 seconds.
  path: Assets/Prefabs/Tree (4).prefab
  artifactKey: Guid(bb3f173dcaecf2d4f86b8daf1966035c) Importer(815301076,1909f56bfc062723c751e8b465ee728b)
Start importing Assets/Prefabs/Tree (4).prefab using Guid(bb3f173dcaecf2d4f86b8daf1966035c) Importer(815301076,1909f56bfc062723c751e8b465ee728b)  -> (artifact id: 'f8c8f1538b1d599e751a58c54cc83805') in 0.059873 seconds 
  Import took 0.064676 seconds .

========================================================================
Received Import Request.
  Time since last request: 76.339736 seconds.
  path: Assets/Prefabs/Tree (4).prefab
  artifactKey: Guid(bb3f173dcaecf2d4f86b8daf1966035c) Importer(815301076,1909f56bfc062723c751e8b465ee728b)
Start importing Assets/Prefabs/Tree (4).prefab using Guid(bb3f173dcaecf2d4f86b8daf1966035c) Importer(815301076,1909f56bfc062723c751e8b465ee728b)  -> (artifact id: 'a937d38873640928d80c4c96e461a8e5') in 0.026238 seconds 
  Import took 0.030283 seconds .

========================================================================
Received Import Request.
  Time since last request: 1.907868 seconds.
  path: Assets/Prefabs/Tree (4).prefab
  artifactKey: Guid(bb3f173dcaecf2d4f86b8daf1966035c) Importer(815301076,1909f56bfc062723c751e8b465ee728b)
Start importing Assets/Prefabs/Tree (4).prefab using Guid(bb3f173dcaecf2d4f86b8daf1966035c) Importer(815301076,1909f56bfc062723c751e8b465ee728b)  -> (artifact id: 'de063401fc580a3a5d6bbcf1c6940c67') in 0.019700 seconds 
  Import took 0.023431 seconds .

========================================================================
Received Import Request.
  Time since last request: 5.569582 seconds.
  path: Assets/Prefabs/Tree (4).prefab
  artifactKey: Guid(bb3f173dcaecf2d4f86b8daf1966035c) Importer(815301076,1909f56bfc062723c751e8b465ee728b)
Start importing Assets/Prefabs/Tree (4).prefab using Guid(bb3f173dcaecf2d4f86b8daf1966035c) Importer(815301076,1909f56bfc062723c751e8b465ee728b)  -> (artifact id: 'd28d1b249b4e0ac9f975ce52f85d32fa') in 0.026347 seconds 
  Import took 0.030569 seconds .

========================================================================
Received Import Request.
  Time since last request: 21.342414 seconds.
  path: Assets/Prefabs/Tree (4).prefab
  artifactKey: Guid(bb3f173dcaecf2d4f86b8daf1966035c) Importer(815301076,1909f56bfc062723c751e8b465ee728b)
Start importing Assets/Prefabs/Tree (4).prefab using Guid(bb3f173dcaecf2d4f86b8daf1966035c) Importer(815301076,1909f56bfc062723c751e8b465ee728b)  -> (artifact id: 'f5bcae48ccc5547388f59263390018da') in 0.026838 seconds 
  Import took 0.031356 seconds .

========================================================================
Received Import Request.
  Time since last request: 1.056118 seconds.
  path: Assets/Prefabs/Tree (4).prefab
  artifactKey: Guid(bb3f173dcaecf2d4f86b8daf1966035c) Importer(815301076,1909f56bfc062723c751e8b465ee728b)
Start importing Assets/Prefabs/Tree (4).prefab using Guid(bb3f173dcaecf2d4f86b8daf1966035c) Importer(815301076,1909f56bfc062723c751e8b465ee728b)  -> (artifact id: '2cd72851aaa0b5632e3f8b88f9b7ea13') in 0.024569 seconds 
  Import took 0.028937 seconds .

========================================================================
Received Import Request.
  Time since last request: 1.535867 seconds.
  path: Assets/Prefabs/Tree (4).prefab
  artifactKey: Guid(bb3f173dcaecf2d4f86b8daf1966035c) Importer(815301076,1909f56bfc062723c751e8b465ee728b)
Start importing Assets/Prefabs/Tree (4).prefab using Guid(bb3f173dcaecf2d4f86b8daf1966035c) Importer(815301076,1909f56bfc062723c751e8b465ee728b)  -> (artifact id: 'd097267051fb6d4c6e08de7e1eb2f955') in 0.020473 seconds 
  Import took 0.024355 seconds .

========================================================================
Received Prepare
Registering precompiled user dll's ...
Registered in 0.002489 seconds.
Begin MonoManager ReloadAssembly
Native extension for WindowsStandalone target not found
Native extension for WebGL target not found
Refreshing native plugins compatible for Editor in 0.54 ms, found 2 plugins.
Preloading 0 native plugins for Editor in 0.00 ms.
Mono: successfully reloaded assembly
- Completed reload, in  1.166 seconds
Domain Reload Profiling:
	ReloadAssembly (1167ms)
		BeginReloadAssembly (144ms)
			ExecutionOrderSort (0ms)
			DisableScriptedObjects (6ms)
			BackupInstance (0ms)
			ReleaseScriptingObjects (0ms)
			CreateAndSetChildDomain (39ms)
		EndReloadAssembly (946ms)
			LoadAssemblies (110ms)
			RebuildTransferFunctionScriptingTraits (0ms)
			SetupTypeCache (347ms)
			ReleaseScriptCaches (1ms)
			RebuildScriptCaches (40ms)
			SetupLoadedEditorAssemblies (353ms)
				LogAssemblyErrors (0ms)
				InitializePlatformSupportModulesInManaged (7ms)
				SetLoadedEditorAssemblies (1ms)
				RefreshPlugins (1ms)
				BeforeProcessingInitializeOnLoad (86ms)
				ProcessInitializeOnLoadAttributes (235ms)
				ProcessInitializeOnLoadMethodAttributes (13ms)
				AfterProcessingInitializeOnLoad (10ms)
				EditorAssembliesLoaded (0ms)
			ExecutionOrderSort2 (0ms)
			AwakeInstancesAfterBackupRestoration (8ms)
Platform modules already initialized, skipping
Refreshing native plugins compatible for Editor in 0.50 ms, found 2 plugins.
Preloading 0 native plugins for Editor in 0.00 ms.
Unloading 1507 Unused Serialized files (Serialized files now loaded: 0)
System memory in use before: 87.2 MB.
System memory in use after: 86.7 MB.

Unloading 16 unused Assets to reduce memory usage. Loaded Objects now: 2002.
Total: 3.594000 ms (FindLiveObjects: 0.189300 ms CreateObjectMapping: 0.058700 ms MarkObjects: 3.075500 ms  DeleteObjects: 0.269100 ms)

AssetImportParameters requested are different than current active one (requested -> active):
  custom:framework-win-MediaFoundation: 216162199b28c13a410421893ffa2e32 -> 
  custom:video-decoder-ogg-theora: a1e56fd34408186e4bbccfd4996cb3dc -> 
  custom:container-muxer-webm: aa71ff27fc2769a1b78a27578f13a17b -> 
  custom:container-demuxer-webm: 4f35f7cbe854078d1ac9338744f61a02 -> 
  custom:container-demuxer-ogg: 62fdf1f143b41e24485cea50d1cbac27 -> 
  custom:video-encoder-webm-vp8: eb34c28f22e8b96e1ab97ce403110664 -> 
  custom:video-codec-MediaFoundation-h265: 746d11721c4dcdbdad8f713fa42b33f4 -> 
  custom:video-decoder-webm-vp8: 9c59270c3fd7afecdb556c50c9e8de78 -> 
  custom:audio-decoder-ogg-vorbis: bf7c407c2cedff20999df2af8eb42d56 -> 
  custom:audio-encoder-webm-vorbis: bf7c407c2cedff20999df2af8eb42d56 -> 
========================================================================
Received Prepare
Registering precompiled user dll's ...
Registered in 0.001743 seconds.
Begin MonoManager ReloadAssembly
Native extension for WindowsStandalone target not found
Native extension for WebGL target not found
Refreshing native plugins compatible for Editor in 0.40 ms, found 2 plugins.
Preloading 0 native plugins for Editor in 0.00 ms.
Mono: successfully reloaded assembly
- Completed reload, in  0.646 seconds
Domain Reload Profiling:
	ReloadAssembly (646ms)
		BeginReloadAssembly (85ms)
			ExecutionOrderSort (0ms)
			DisableScriptedObjects (3ms)
			BackupInstance (0ms)
			ReleaseScriptingObjects (0ms)
			CreateAndSetChildDomain (27ms)
		EndReloadAssembly (516ms)
			LoadAssemblies (57ms)
			RebuildTransferFunctionScriptingTraits (0ms)
			SetupTypeCache (178ms)
			ReleaseScriptCaches (1ms)
			RebuildScriptCaches (24ms)
			SetupLoadedEditorAssemblies (194ms)
				LogAssemblyErrors (0ms)
				InitializePlatformSupportModulesInManaged (4ms)
				SetLoadedEditorAssemblies (0ms)
				RefreshPlugins (0ms)
				BeforeProcessingInitializeOnLoad (50ms)
				ProcessInitializeOnLoadAttributes (129ms)
				ProcessInitializeOnLoadMethodAttributes (6ms)
				AfterProcessingInitializeOnLoad (4ms)
				EditorAssembliesLoaded (0ms)
			ExecutionOrderSort2 (0ms)
			AwakeInstancesAfterBackupRestoration (5ms)
Platform modules already initialized, skipping
Refreshing native plugins compatible for Editor in 0.40 ms, found 2 plugins.
Preloading 0 native plugins for Editor in 0.00 ms.
Unloading 1507 Unused Serialized files (Serialized files now loaded: 0)
System memory in use before: 87.2 MB.
System memory in use after: 86.7 MB.

Unloading 16 unused Assets to reduce memory usage. Loaded Objects now: 2004.
Total: 2.769200 ms (FindLiveObjects: 0.145800 ms CreateObjectMapping: 0.056500 ms MarkObjects: 2.355800 ms  DeleteObjects: 0.209900 ms)

AssetImportParameters requested are different than current active one (requested -> active):
  custom:framework-win-MediaFoundation: 216162199b28c13a410421893ffa2e32 -> 
  custom:video-decoder-ogg-theora: a1e56fd34408186e4bbccfd4996cb3dc -> 
  custom:container-muxer-webm: aa71ff27fc2769a1b78a27578f13a17b -> 
  custom:container-demuxer-webm: 4f35f7cbe854078d1ac9338744f61a02 -> 
  custom:container-demuxer-ogg: 62fdf1f143b41e24485cea50d1cbac27 -> 
  custom:video-encoder-webm-vp8: eb34c28f22e8b96e1ab97ce403110664 -> 
  custom:video-codec-MediaFoundation-h265: 746d11721c4dcdbdad8f713fa42b33f4 -> 
  custom:video-decoder-webm-vp8: 9c59270c3fd7afecdb556c50c9e8de78 -> 
  custom:audio-decoder-ogg-vorbis: bf7c407c2cedff20999df2af8eb42d56 -> 
  custom:audio-encoder-webm-vorbis: bf7c407c2cedff20999df2af8eb42d56 -> 
AssetImportWorkerClient::OnTransportError - code=2 error=End of file
